<?xml version="1.0" encoding="UTF-8"?>
<testsuite xmlns:xsi="http://www.w3.org/2001/XMLSchema-instance" xsi:noNamespaceSchemaLocation="https://maven.apache.org/surefire/maven-surefire-plugin/xsd/surefire-test-report-3.0.xsd" version="3.0" name="com.alibaba.json.bvt.issue_2900.Issue2962" time="0.139" tests="1" errors="0" skipped="0" failures="0">
  <properties>
    <property name="gopherProxySet" value="false"/>
    <property name="awt.toolkit" value="sun.lwawt.macosx.LWCToolkit"/>
    <property name="file.encoding.pkg" value="sun.io"/>
    <property name="java.specification.version" value="1.8"/>
    <property name="sun.cpu.isalist" value=""/>
    <property name="sun.jnu.encoding" value="UTF-8"/>
    <property name="java.class.path" value="/Users/ayan/Desktop/stadProject/fastjson-master/target/test-classes:/Users/ayan/Desktop/stadProject/fastjson-master/target/classes:/Users/ayan/.m2/repository/org/pitest/pitest-maven/1.5.0/pitest-maven-1.5.0.jar:/Users/ayan/.m2/repository/org/pitest/pitest-entry/1.5.0/pitest-entry-1.5.0.jar:/Users/ayan/.m2/repository/org/pitest/pitest/1.5.0/pitest-1.5.0.jar:/Users/ayan/.m2/repository/org/pitest/pitest-html-report/1.5.0/pitest-html-report-1.5.0.jar:/Users/ayan/.m2/repository/org/pitest/pitest-aggregator/1.5.0/pitest-aggregator-1.5.0.jar:/Users/ayan/.m2/repository/org/apache/maven/maven-plugin-api/2.2.1/maven-plugin-api-2.2.1.jar:/Users/ayan/.m2/repository/org/apache/maven/reporting/maven-reporting-api/2.2.1/maven-reporting-api-2.2.1.jar:/Users/ayan/.m2/repository/org/apache/maven/doxia/doxia-sink-api/1.1/doxia-sink-api-1.1.jar:/Users/ayan/.m2/repository/org/apache/maven/doxia/doxia-logging-api/1.1/doxia-logging-api-1.1.jar:/Users/ayan/.m2/repository/commons-collections/commons-collections/3.2.2/commons-collections-3.2.2.jar:/Users/ayan/.m2/repository/commons-beanutils/commons-beanutils/1.9.4/commons-beanutils-1.9.4.jar:/Users/ayan/.m2/repository/org/codehaus/plexus/plexus-utils/3.3.0/plexus-utils-3.3.0.jar:/Users/ayan/.m2/repository/org/apache/maven/reporting/maven-reporting-impl/2.0.4.3/maven-reporting-impl-2.0.4.3.jar:/Users/ayan/.m2/repository/org/apache/maven/doxia/doxia-core/1.0/doxia-core-1.0.jar:/Users/ayan/.m2/repository/org/apache/maven/doxia/doxia-site-renderer/1.0/doxia-site-renderer-1.0.jar:/Users/ayan/.m2/repository/org/codehaus/plexus/plexus-i18n/1.0-beta-7/plexus-i18n-1.0-beta-7.jar:/Users/ayan/.m2/repository/org/codehaus/plexus/plexus-velocity/1.1.7/plexus-velocity-1.1.7.jar:/Users/ayan/.m2/repository/org/apache/velocity/velocity/1.5/velocity-1.5.jar:/Users/ayan/.m2/repository/org/apache/maven/doxia/doxia-decoration-model/1.0/doxia-decoration-model-1.0.jar:/Users/ayan/.m2/repository/org/apache/maven/doxia/doxia-module-apt/1.0/doxia-module-apt-1.0.jar:/Users/ayan/.m2/repository/org/apache/maven/doxia/doxia-module-fml/1.0/doxia-module-fml-1.0.jar:/Users/ayan/.m2/repository/org/apache/maven/doxia/doxia-module-xdoc/1.0/doxia-module-xdoc-1.0.jar:/Users/ayan/.m2/repository/org/apache/maven/doxia/doxia-module-xhtml/1.0/doxia-module-xhtml-1.0.jar:/Users/ayan/.m2/repository/commons-validator/commons-validator/1.2.0/commons-validator-1.2.0.jar:/Users/ayan/.m2/repository/commons-digester/commons-digester/1.6/commons-digester-1.6.jar:/Users/ayan/.m2/repository/oro/oro/2.0.8/oro-2.0.8.jar:/Users/ayan/.m2/repository/xml-apis/xml-apis/1.0.b2/xml-apis-1.0.b2.jar:/Users/ayan/.m2/repository/org/apache/maven/shared/maven-doxia-tools/1.0.2/maven-doxia-tools-1.0.2.jar:/Users/ayan/.m2/repository/org/apache/maven/maven-project/2.2.1/maven-project-2.2.1.jar:/Users/ayan/.m2/repository/org/apache/maven/maven-settings/2.2.1/maven-settings-2.2.1.jar:/Users/ayan/.m2/repository/org/apache/maven/maven-profile/2.2.1/maven-profile-2.2.1.jar:/Users/ayan/.m2/repository/org/apache/maven/maven-model/2.2.1/maven-model-2.2.1.jar:/Users/ayan/.m2/repository/org/apache/maven/maven-artifact-manager/2.2.1/maven-artifact-manager-2.2.1.jar:/Users/ayan/.m2/repository/org/apache/maven/maven-repository-metadata/2.2.1/maven-repository-metadata-2.2.1.jar:/Users/ayan/.m2/repository/org/apache/maven/wagon/wagon-provider-api/1.0-beta-6/wagon-provider-api-1.0-beta-6.jar:/Users/ayan/.m2/repository/backport-util-concurrent/backport-util-concurrent/3.1/backport-util-concurrent-3.1.jar:/Users/ayan/.m2/repository/org/apache/maven/maven-plugin-registry/2.2.1/maven-plugin-registry-2.2.1.jar:/Users/ayan/.m2/repository/org/codehaus/plexus/plexus-interpolation/1.11/plexus-interpolation-1.11.jar:/Users/ayan/.m2/repository/org/codehaus/plexus/plexus-container-default/1.0-alpha-9-stable-1/plexus-container-default-1.0-alpha-9-stable-1.jar:/Users/ayan/.m2/repository/classworlds/classworlds/1.1-alpha-2/classworlds-1.1-alpha-2.jar:/Users/ayan/.m2/repository/org/apache/maven/scm/maven-scm-api/1.9.4/maven-scm-api-1.9.4.jar:/Users/ayan/.m2/repository/org/apache/maven/scm/maven-scm-manager-plexus/1.9.4/maven-scm-manager-plexus-1.9.4.jar:/Users/ayan/.m2/repository/org/codehaus/groovy/groovy-all/2.4.18/groovy-all-2.4.18.jar:/Users/ayan/.m2/repository/org/apache/maven/scm/maven-scm-provider-accurev/1.9.4/maven-scm-provider-accurev-1.9.4.jar:/Users/ayan/.m2/repository/org/apache/maven/scm/maven-scm-provider-bazaar/1.9.4/maven-scm-provider-bazaar-1.9.4.jar:/Users/ayan/.m2/repository/org/apache/maven/scm/maven-scm-provider-clearcase/1.9.4/maven-scm-provider-clearcase-1.9.4.jar:/Users/ayan/.m2/repository/org/apache/maven/scm/maven-scm-provider-cvsexe/1.9.4/maven-scm-provider-cvsexe-1.9.4.jar:/Users/ayan/.m2/repository/org/apache/maven/scm/maven-scm-provider-cvs-commons/1.9.4/maven-scm-provider-cvs-commons-1.9.4.jar:/Users/ayan/.m2/repository/org/apache/maven/scm/maven-scm-provider-cvsjava/1.9.4/maven-scm-provider-cvsjava-1.9.4.jar:/Users/ayan/.m2/repository/org/netbeans/lib/cvsclient/20060125/cvsclient-20060125.jar:/Users/ayan/.m2/repository/ch/ethz/ganymed/ganymed-ssh2/build210/ganymed-ssh2-build210.jar:/Users/ayan/.m2/repository/org/apache/maven/scm/maven-scm-provider-gitexe/1.9.4/maven-scm-provider-gitexe-1.9.4.jar:/Users/ayan/.m2/repository/org/apache/maven/scm/maven-scm-provider-git-commons/1.9.4/maven-scm-provider-git-commons-1.9.4.jar:/Users/ayan/.m2/repository/org/apache/maven/scm/maven-scm-provider-hg/1.9.4/maven-scm-provider-hg-1.9.4.jar:/Users/ayan/.m2/repository/org/apache/maven/scm/maven-scm-provider-perforce/1.9.4/maven-scm-provider-perforce-1.9.4.jar:/Users/ayan/.m2/repository/org/apache/maven/scm/maven-scm-provider-starteam/1.9.4/maven-scm-provider-starteam-1.9.4.jar:/Users/ayan/.m2/repository/org/apache/maven/scm/maven-scm-provider-svnexe/1.9.4/maven-scm-provider-svnexe-1.9.4.jar:/Users/ayan/.m2/repository/org/apache/maven/scm/maven-scm-provider-svn-commons/1.9.4/maven-scm-provider-svn-commons-1.9.4.jar:/Users/ayan/.m2/repository/org/apache/maven/scm/maven-scm-provider-synergy/1.9.4/maven-scm-provider-synergy-1.9.4.jar:/Users/ayan/.m2/repository/org/apache/maven/scm/maven-scm-provider-vss/1.9.4/maven-scm-provider-vss-1.9.4.jar:/Users/ayan/.m2/repository/org/apache/maven/scm/maven-scm-provider-tfs/1.9.4/maven-scm-provider-tfs-1.9.4.jar:/Users/ayan/.m2/repository/org/apache/maven/scm/maven-scm-provider-integrity/1.9.4/maven-scm-provider-integrity-1.9.4.jar:/Users/ayan/.m2/repository/com/mks/api/mksapi-jar/4.10.9049/mksapi-jar-4.10.9049.jar:/Users/ayan/.m2/repository/org/apache/maven/scm/maven-scm-provider-jazz/1.9.4/maven-scm-provider-jazz-1.9.4.jar:/Users/ayan/.m2/repository/org/apache/maven/surefire/surefire-booter/2.17/surefire-booter-2.17.jar:/Users/ayan/.m2/repository/org/apache/maven/surefire/surefire-api/2.17/surefire-api-2.17.jar:/Users/ayan/.m2/repository/org/apache/maven/surefire/maven-surefire-common/2.17/maven-surefire-common-2.17.jar:/Users/ayan/.m2/repository/org/apache/maven/plugin-tools/maven-plugin-annotations/3.2/maven-plugin-annotations-3.2.jar:/Users/ayan/.m2/repository/org/apache/maven/maven-plugin-descriptor/2.0.9/maven-plugin-descriptor-2.0.9.jar:/Users/ayan/.m2/repository/org/apache/maven/maven-core/2.0.9/maven-core-2.0.9.jar:/Users/ayan/.m2/repository/org/apache/maven/maven-plugin-parameter-documenter/2.0.9/maven-plugin-parameter-documenter-2.0.9.jar:/Users/ayan/.m2/repository/org/apache/maven/maven-error-diagnostics/2.0.9/maven-error-diagnostics-2.0.9.jar:/Users/ayan/.m2/repository/org/apache/maven/maven-monitor/2.0.9/maven-monitor-2.0.9.jar:/Users/ayan/.m2/repository/org/apache/maven/maven-artifact/2.2.1/maven-artifact-2.2.1.jar:/Users/ayan/.m2/repository/org/apache/maven/maven-toolchain/2.2.1/maven-toolchain-2.2.1.jar:/Users/ayan/.m2/repository/org/slf4j/jul-to-slf4j/1.7.12/jul-to-slf4j-1.7.12.jar:/Users/ayan/.m2/repository/uk/org/lidalia/sysout-over-slf4j/1.0.2/sysout-over-slf4j-1.0.2.jar:/Users/ayan/.m2/repository/io/gatling/gatling-maven-plugin/4.1.6-M1/gatling-maven-plugin-4.1.6-M1.jar:/Users/ayan/.m2/repository/org/zeroturnaround/zt-zip/1.15/zt-zip-1.15.jar:/Users/ayan/.m2/repository/io/gatling/gatling-enterprise-plugin-commons/1.1.1/gatling-enterprise-plugin-commons-1.1.1.jar:/Users/ayan/.m2/repository/org/apache/commons/commons-exec/1.3/commons-exec-1.3.jar:/Users/ayan/.m2/repository/io/gatling/gatling-scanner/1.0.1/gatling-scanner-1.0.1.jar:/Users/ayan/.m2/repository/io/gatling/gatling-asm-shaded/9.2/gatling-asm-shaded-9.2.jar:/Users/ayan/.m2/repository/javax/servlet/javax.servlet-api/3.1.0/javax.servlet-api-3.1.0.jar:/Users/ayan/.m2/repository/javax/ws/rs/javax.ws.rs-api/2.0.1/javax.ws.rs-api-2.0.1.jar:/Users/ayan/.m2/repository/org/apache/cxf/cxf-rt-transports-http/3.1.2/cxf-rt-transports-http-3.1.2.jar:/Users/ayan/.m2/repository/org/apache/cxf/cxf-core/3.1.2/cxf-core-3.1.2.jar:/Users/ayan/.m2/repository/org/codehaus/woodstox/woodstox-core-asl/4.4.1/woodstox-core-asl-4.4.1.jar:/Users/ayan/.m2/repository/org/codehaus/woodstox/stax2-api/3.1.4/stax2-api-3.1.4.jar:/Users/ayan/.m2/repository/org/apache/ws/xmlschema/xmlschema-core/2.2.1/xmlschema-core-2.2.1.jar:/Users/ayan/.m2/repository/org/apache/cxf/cxf-rt-frontend-jaxrs/3.1.2/cxf-rt-frontend-jaxrs-3.1.2.jar:/Users/ayan/.m2/repository/javax/annotation/javax.annotation-api/1.2/javax.annotation-api-1.2.jar:/Users/ayan/.m2/repository/org/springframework/spring-websocket/4.3.7.RELEASE/spring-websocket-4.3.7.RELEASE.jar:/Users/ayan/.m2/repository/org/springframework/spring-context/4.3.7.RELEASE/spring-context-4.3.7.RELEASE.jar:/Users/ayan/.m2/repository/org/springframework/spring-core/4.3.7.RELEASE/spring-core-4.3.7.RELEASE.jar:/Users/ayan/.m2/repository/org/springframework/spring-web/4.3.7.RELEASE/spring-web-4.3.7.RELEASE.jar:/Users/ayan/.m2/repository/org/springframework/spring-webmvc/4.3.7.RELEASE/spring-webmvc-4.3.7.RELEASE.jar:/Users/ayan/.m2/repository/org/springframework/spring-aop/4.3.7.RELEASE/spring-aop-4.3.7.RELEASE.jar:/Users/ayan/.m2/repository/org/springframework/spring-beans/4.3.7.RELEASE/spring-beans-4.3.7.RELEASE.jar:/Users/ayan/.m2/repository/org/springframework/spring-expression/4.3.7.RELEASE/spring-expression-4.3.7.RELEASE.jar:/Users/ayan/.m2/repository/org/springframework/spring-messaging/4.3.7.RELEASE/spring-messaging-4.3.7.RELEASE.jar:/Users/ayan/.m2/repository/org/springframework/data/spring-data-redis/1.8.6.RELEASE/spring-data-redis-1.8.6.RELEASE.jar:/Users/ayan/.m2/repository/org/springframework/data/spring-data-keyvalue/1.2.6.RELEASE/spring-data-keyvalue-1.2.6.RELEASE.jar:/Users/ayan/.m2/repository/org/springframework/spring-tx/4.3.10.RELEASE/spring-tx-4.3.10.RELEASE.jar:/Users/ayan/.m2/repository/org/springframework/spring-oxm/4.3.10.RELEASE/spring-oxm-4.3.10.RELEASE.jar:/Users/ayan/.m2/repository/org/springframework/spring-context-support/4.3.10.RELEASE/spring-context-support-4.3.10.RELEASE.jar:/Users/ayan/.m2/repository/org/slf4j/slf4j-api/1.7.25/slf4j-api-1.7.25.jar:/Users/ayan/.m2/repository/org/slf4j/jcl-over-slf4j/1.7.25/jcl-over-slf4j-1.7.25.jar:/Users/ayan/.m2/repository/com/squareup/retrofit2/retrofit/2.5.0/retrofit-2.5.0.jar:/Users/ayan/.m2/repository/com/squareup/okhttp3/okhttp/3.6.0/okhttp-3.6.0.jar:/Users/ayan/.m2/repository/com/squareup/okio/okio/1.11.0/okio-1.11.0.jar:/Users/ayan/.m2/repository/io/springfox/springfox-spring-web/2.6.1/springfox-spring-web-2.6.1.jar:/Users/ayan/.m2/repository/com/google/guava/guava/18.0/guava-18.0.jar:/Users/ayan/.m2/repository/com/fasterxml/classmate/1.3.1/classmate-1.3.1.jar:/Users/ayan/.m2/repository/org/springframework/plugin/spring-plugin-core/1.2.0.RELEASE/spring-plugin-core-1.2.0.RELEASE.jar:/Users/ayan/.m2/repository/org/springframework/plugin/spring-plugin-metadata/1.2.0.RELEASE/spring-plugin-metadata-1.2.0.RELEASE.jar:/Users/ayan/.m2/repository/io/springfox/springfox-spi/2.6.1/springfox-spi-2.6.1.jar:/Users/ayan/.m2/repository/io/springfox/springfox-core/2.6.1/springfox-core-2.6.1.jar:/Users/ayan/.m2/repository/io/javaslang/javaslang/2.0.6/javaslang-2.0.6.jar:/Users/ayan/.m2/repository/io/javaslang/javaslang-match/2.0.6/javaslang-match-2.0.6.jar:/Users/ayan/.m2/repository/org/glassfish/jersey/core/jersey-common/2.23.2/jersey-common-2.23.2.jar:/Users/ayan/.m2/repository/org/glassfish/jersey/bundles/repackaged/jersey-guava/2.23.2/jersey-guava-2.23.2.jar:/Users/ayan/.m2/repository/org/glassfish/hk2/hk2-api/2.5.0-b05/hk2-api-2.5.0-b05.jar:/Users/ayan/.m2/repository/org/glassfish/hk2/hk2-utils/2.5.0-b05/hk2-utils-2.5.0-b05.jar:/Users/ayan/.m2/repository/org/glassfish/hk2/external/aopalliance-repackaged/2.5.0-b05/aopalliance-repackaged-2.5.0-b05.jar:/Users/ayan/.m2/repository/org/glassfish/hk2/external/javax.inject/2.5.0-b05/javax.inject-2.5.0-b05.jar:/Users/ayan/.m2/repository/org/glassfish/hk2/hk2-locator/2.5.0-b05/hk2-locator-2.5.0-b05.jar:/Users/ayan/.m2/repository/org/glassfish/hk2/osgi-resource-locator/1.0.1/osgi-resource-locator-1.0.1.jar:/Users/ayan/.m2/repository/joda-time/joda-time/2.10/joda-time-2.10.jar:/Users/ayan/.m2/repository/net/sf/trove4j/core/3.1.0/core-3.1.0.jar:/Users/ayan/.m2/repository/org/javamoney/moneta/moneta-core/1.3/moneta-core-1.3.jar:/Users/ayan/.m2/repository/javax/money/money-api/1.0.3/money-api-1.0.3.jar:/Users/ayan/.m2/repository/io/airlift/slice/0.36/slice-0.36.jar:/Users/ayan/.m2/repository/org/openjdk/jol/jol-core/0.2/jol-core-0.2.jar:/Users/ayan/.m2/repository/com/google/protobuf/protobuf-java/3.11.0/protobuf-java-3.11.0.jar:/Users/ayan/.m2/repository/com/google/protobuf/protobuf-java-util/3.11.0/protobuf-java-util-3.11.0.jar:/Users/ayan/.m2/repository/com/google/errorprone/error_prone_annotations/2.3.3/error_prone_annotations-2.3.3.jar:/Users/ayan/.m2/repository/org/jacoco/jacoco-maven-plugin/0.7.6.201602180812/jacoco-maven-plugin-0.7.6.201602180812.jar:/Users/ayan/.m2/repository/org/apache/maven/shared/file-management/1.2.1/file-management-1.2.1.jar:/Users/ayan/.m2/repository/org/apache/maven/shared/maven-shared-io/1.1/maven-shared-io-1.1.jar:/Users/ayan/.m2/repository/org/jacoco/org.jacoco.agent/0.7.6.201602180812/org.jacoco.agent-0.7.6.201602180812-runtime.jar:/Users/ayan/.m2/repository/org/jacoco/org.jacoco.core/0.7.6.201602180812/org.jacoco.core-0.7.6.201602180812.jar:/Users/ayan/.m2/repository/org/jacoco/org.jacoco.report/0.7.6.201602180812/org.jacoco.report-0.7.6.201602180812.jar:/Users/ayan/.m2/repository/org/eclipse/jetty/jetty-server/9.4.17.v20190418/jetty-server-9.4.17.v20190418.jar:/Users/ayan/.m2/repository/org/eclipse/jetty/jetty-http/9.4.17.v20190418/jetty-http-9.4.17.v20190418.jar:/Users/ayan/.m2/repository/org/eclipse/jetty/jetty-util/9.4.17.v20190418/jetty-util-9.4.17.v20190418.jar:/Users/ayan/.m2/repository/org/eclipse/jetty/jetty-io/9.4.17.v20190418/jetty-io-9.4.17.v20190418.jar:/Users/ayan/.m2/repository/org/eclipse/jetty/jetty-webapp/9.4.17.v20190418/jetty-webapp-9.4.17.v20190418.jar:/Users/ayan/.m2/repository/org/eclipse/jetty/jetty-xml/9.4.17.v20190418/jetty-xml-9.4.17.v20190418.jar:/Users/ayan/.m2/repository/org/eclipse/jetty/jetty-servlet/9.4.17.v20190418/jetty-servlet-9.4.17.v20190418.jar:/Users/ayan/.m2/repository/org/eclipse/jetty/jetty-security/9.4.17.v20190418/jetty-security-9.4.17.v20190418.jar:/Users/ayan/.m2/repository/junit/junit/4.13.1/junit-4.13.1.jar:/Users/ayan/.m2/repository/org/hamcrest/hamcrest-core/1.3/hamcrest-core-1.3.jar:/Users/ayan/.m2/repository/com/fasterxml/jackson/core/jackson-databind/2.10.0/jackson-databind-2.10.0.jar:/Users/ayan/.m2/repository/com/fasterxml/jackson/core/jackson-annotations/2.10.0/jackson-annotations-2.10.0.jar:/Users/ayan/.m2/repository/com/fasterxml/jackson/core/jackson-core/2.10.0/jackson-core-2.10.0.jar:/Users/ayan/.m2/repository/com/fasterxml/jackson/module/jackson-module-afterburner/2.10.0/jackson-module-afterburner-2.10.0.jar:/Users/ayan/.m2/repository/com/fasterxml/jackson/module/jackson-module-kotlin/2.9.10/jackson-module-kotlin-2.9.10.jar:/Users/ayan/.m2/repository/cglib/cglib-nodep/2.2.2/cglib-nodep-2.2.2.jar:/Users/ayan/.m2/repository/com/fasterxml/jackson/jaxrs/jackson-jaxrs-json-provider/2.9.10/jackson-jaxrs-json-provider-2.9.10.jar:/Users/ayan/.m2/repository/com/fasterxml/jackson/jaxrs/jackson-jaxrs-base/2.9.10/jackson-jaxrs-base-2.9.10.jar:/Users/ayan/.m2/repository/com/fasterxml/jackson/module/jackson-module-jaxb-annotations/2.9.10/jackson-module-jaxb-annotations-2.9.10.jar:/Users/ayan/.m2/repository/com/googlecode/json-simple/json-simple/1.1.1/json-simple-1.1.1.jar:/Users/ayan/.m2/repository/commons-io/commons-io/2.7/commons-io-2.7.jar:/Users/ayan/.m2/repository/net/sf/json-lib/json-lib/2.4/json-lib-2.4-jdk15.jar:/Users/ayan/.m2/repository/commons-lang/commons-lang/2.5/commons-lang-2.5.jar:/Users/ayan/.m2/repository/commons-logging/commons-logging/1.1.1/commons-logging-1.1.1.jar:/Users/ayan/.m2/repository/net/sf/ezmorph/ezmorph/1.0.6/ezmorph-1.0.6.jar:/Users/ayan/.m2/repository/com/google/code/gson/gson/2.6.2/gson-2.6.2.jar:/Users/ayan/.m2/repository/net/minidev/json-smart/2.4.8/json-smart-2.4.8.jar:/Users/ayan/.m2/repository/net/minidev/accessors-smart/2.4.8/accessors-smart-2.4.8.jar:/Users/ayan/.m2/repository/org/clojure/clojure/1.5.1/clojure-1.5.1.jar:/Users/ayan/.m2/repository/org/codehaus/groovy/groovy/2.1.5/groovy-2.1.5.jar:/Users/ayan/.m2/repository/antlr/antlr/2.7.7/antlr-2.7.7.jar:/Users/ayan/.m2/repository/org/ow2/asm/asm-tree/4.0/asm-tree-4.0.jar:/Users/ayan/.m2/repository/org/ow2/asm/asm-commons/4.0/asm-commons-4.0.jar:/Users/ayan/.m2/repository/org/ow2/asm/asm/4.0/asm-4.0.jar:/Users/ayan/.m2/repository/org/ow2/asm/asm-util/4.0/asm-util-4.0.jar:/Users/ayan/.m2/repository/org/ow2/asm/asm-analysis/4.0/asm-analysis-4.0.jar:/Users/ayan/.m2/repository/org/springframework/spring-test/4.3.7.RELEASE/spring-test-4.3.7.RELEASE.jar:/Users/ayan/.m2/repository/org/javassist/javassist/3.18.0-GA/javassist-3.18.0-GA.jar:/Users/ayan/.m2/repository/org/apache/cxf/cxf-rt-rs-client/3.1.2/cxf-rt-rs-client-3.1.2.jar:/Users/ayan/.m2/repository/org/springframework/data/spring-data-commons/2.1.2.RELEASE/spring-data-commons-2.1.2.RELEASE.jar:/Users/ayan/.m2/repository/org/glassfish/jersey/containers/jersey-container-servlet/2.23.2/jersey-container-servlet-2.23.2.jar:/Users/ayan/.m2/repository/org/glassfish/jersey/containers/jersey-container-servlet-core/2.23.2/jersey-container-servlet-core-2.23.2.jar:/Users/ayan/.m2/repository/org/glassfish/jersey/core/jersey-server/2.23.2/jersey-server-2.23.2.jar:/Users/ayan/.m2/repository/org/glassfish/jersey/media/jersey-media-jaxb/2.23.2/jersey-media-jaxb-2.23.2.jar:/Users/ayan/.m2/repository/javax/validation/validation-api/1.1.0.Final/validation-api-1.1.0.Final.jar:/Users/ayan/.m2/repository/org/glassfish/jersey/core/jersey-client/2.23.2/jersey-client-2.23.2.jar:/Users/ayan/.m2/repository/org/glassfish/jersey/test-framework/providers/jersey-test-framework-provider-jdk-http/2.23.2/jersey-test-framework-provider-jdk-http-2.23.2.jar:/Users/ayan/.m2/repository/org/glassfish/jersey/test-framework/jersey-test-framework-core/2.23.2/jersey-test-framework-core-2.23.2.jar:/Users/ayan/.m2/repository/org/glassfish/jersey/containers/jersey-container-jdk-http/2.23.2/jersey-container-jdk-http-2.23.2.jar:/Users/ayan/.m2/repository/org/ow2/asm/asm-debug-all/5.0.4/asm-debug-all-5.0.4.jar:/Users/ayan/.m2/repository/org/glassfish/jersey/media/jersey-media-json-jackson/2.23.2/jersey-media-json-jackson-2.23.2.jar:/Users/ayan/.m2/repository/org/glassfish/jersey/ext/jersey-entity-filtering/2.23.2/jersey-entity-filtering-2.23.2.jar:/Users/ayan/.m2/repository/com/jsoniter/jsoniter/0.9.8/jsoniter-0.9.8.jar:/Users/ayan/.m2/repository/org/apache/commons/commons-lang3/3.5/commons-lang3-3.5.jar:/Users/ayan/.m2/repository/org/hibernate/hibernate-core/5.2.10.Final/hibernate-core-5.2.10.Final.jar:/Users/ayan/.m2/repository/org/jboss/logging/jboss-logging/3.3.0.Final/jboss-logging-3.3.0.Final.jar:/Users/ayan/.m2/repository/org/hibernate/javax/persistence/hibernate-jpa-2.1-api/1.0.0.Final/hibernate-jpa-2.1-api-1.0.0.Final.jar:/Users/ayan/.m2/repository/org/jboss/spec/javax/transaction/jboss-transaction-api_1.2_spec/1.0.1.Final/jboss-transaction-api_1.2_spec-1.0.1.Final.jar:/Users/ayan/.m2/repository/org/jboss/jandex/2.0.3.Final/jandex-2.0.3.Final.jar:/Users/ayan/.m2/repository/dom4j/dom4j/1.6.1/dom4j-1.6.1.jar:/Users/ayan/.m2/repository/org/hibernate/common/hibernate-commons-annotations/5.0.1.Final/hibernate-commons-annotations-5.0.1.Final.jar:/Users/ayan/.m2/repository/com/jayway/jsonpath/json-path/2.3.0/json-path-2.3.0.jar:/Users/ayan/.m2/repository/org/jetbrains/kotlin/kotlin-stdlib/1.4.21/kotlin-stdlib-1.4.21.jar:/Users/ayan/.m2/repository/org/jetbrains/kotlin/kotlin-stdlib-common/1.4.21/kotlin-stdlib-common-1.4.21.jar:/Users/ayan/.m2/repository/org/jetbrains/annotations/13.0/annotations-13.0.jar:/Users/ayan/.m2/repository/org/jetbrains/kotlin/kotlin-reflect/1.4.21/kotlin-reflect-1.4.21.jar:/Users/ayan/.m2/repository/org/springframework/security/spring-security-web/5.2.10.RELEASE/spring-security-web-5.2.10.RELEASE.jar:/Users/ayan/.m2/repository/org/springframework/security/spring-security-core/5.2.10.RELEASE/spring-security-core-5.2.10.RELEASE.jar:/Users/ayan/.m2/repository/org/apache/commons/commons-collections4/4.1/commons-collections4-4.1.jar:/Users/ayan/.m2/repository/org/mockito/mockito-all/1.10.19/mockito-all-1.10.19.jar:/Users/ayan/.m2/repository/org/powermock/powermock-module-junit4/1.6.6/powermock-module-junit4-1.6.6.jar:/Users/ayan/.m2/repository/org/powermock/powermock-module-junit4-common/1.6.6/powermock-module-junit4-common-1.6.6.jar:/Users/ayan/.m2/repository/org/powermock/powermock-core/1.6.6/powermock-core-1.6.6.jar:/Users/ayan/.m2/repository/org/powermock/powermock-reflect/1.6.6/powermock-reflect-1.6.6.jar:/Users/ayan/.m2/repository/com/diffblue/deeptestutils/1.1.0/deeptestutils-1.1.0.jar:/Users/ayan/.m2/repository/org/objenesis/objenesis/2.5.1/objenesis-2.5.1.jar:/Users/ayan/.m2/repository/org/powermock/powermock-api-mockito/1.6.6/powermock-api-mockito-1.6.6.jar:/Users/ayan/.m2/repository/org/mockito/mockito-core/1.10.19/mockito-core-1.10.19.jar:/Users/ayan/.m2/repository/org/powermock/powermock-api-mockito-common/1.6.6/powermock-api-mockito-common-1.6.6.jar:/Users/ayan/.m2/repository/org/powermock/powermock-api-support/1.6.6/powermock-api-support-1.6.6.jar:/Users/ayan/.m2/repository/org/projectlombok/lombok/1.18.4/lombok-1.18.4.jar:/Users/ayan/.m2/repository/org/openjdk/jmh/jmh-core/1.21/jmh-core-1.21.jar:/Users/ayan/.m2/repository/net/sf/jopt-simple/jopt-simple/4.6/jopt-simple-4.6.jar:/Users/ayan/.m2/repository/org/apache/commons/commons-math3/3.2/commons-math3-3.2.jar:/Users/ayan/.m2/repository/org/openjdk/jmh/jmh-generator-annprocess/1.21/jmh-generator-annprocess-1.21.jar:/Users/ayan/.m2/repository/org/springframework/security/oauth/spring-security-oauth2/2.3.5.RELEASE/spring-security-oauth2-2.3.5.RELEASE.jar:/Users/ayan/.m2/repository/org/springframework/security/spring-security-config/3.2.10.RELEASE/spring-security-config-3.2.10.RELEASE.jar:/Users/ayan/.m2/repository/aopalliance/aopalliance/1.0/aopalliance-1.0.jar:/Users/ayan/.m2/repository/org/codehaus/jackson/jackson-mapper-asl/1.9.13/jackson-mapper-asl-1.9.13.jar:/Users/ayan/.m2/repository/org/codehaus/jackson/jackson-core-asl/1.9.13/jackson-core-asl-1.9.13.jar:/Users/ayan/.m2/repository/org/gitlab4j/gitlab4j-api/4.8.42/gitlab4j-api-4.8.42.jar:/Users/ayan/.m2/repository/javax/xml/bind/jaxb-api/2.3.0/jaxb-api-2.3.0.jar:/Users/ayan/.m2/repository/com/sun/activation/javax.activation/1.2.0/javax.activation-1.2.0.jar:/Users/ayan/.m2/repository/org/glassfish/jersey/inject/jersey-hk2/2.27/jersey-hk2-2.27.jar:/Users/ayan/.m2/repository/org/glassfish/jersey/connectors/jersey-apache-connector/2.27/jersey-apache-connector-2.27.jar:/Users/ayan/.m2/repository/org/apache/httpcomponents/httpclient/4.5/httpclient-4.5.jar:/Users/ayan/.m2/repository/org/apache/httpcomponents/httpcore/4.4.1/httpcore-4.4.1.jar:/Users/ayan/.m2/repository/org/glassfish/jersey/media/jersey-media-multipart/2.27/jersey-media-multipart-2.27.jar:/Users/ayan/.m2/repository/org/jvnet/mimepull/mimepull/1.9.6/mimepull-1.9.6.jar:/Users/ayan/.m2/repository/org/json/json/20180130/json-20180130.jar:/Users/ayan/.m2/repository/com/chinamobile/cmos/sms-core/2.1.9/sms-core-2.1.9.jar:/Users/ayan/.m2/repository/de/ruedigermoeller/fst/2.48-jdk-6/fst-2.48-jdk-6.jar:/Users/ayan/.m2/repository/com/cedarsoftware/java-util/1.9.0/java-util-1.9.0.jar:/Users/ayan/.m2/repository/commons-codec/commons-codec/1.11/commons-codec-1.11.jar:/Users/ayan/.m2/repository/io/netty/netty-transport/4.1.33.Final/netty-transport-4.1.33.Final.jar:/Users/ayan/.m2/repository/io/netty/netty-common/4.1.33.Final/netty-common-4.1.33.Final.jar:/Users/ayan/.m2/repository/io/netty/netty-buffer/4.1.33.Final/netty-buffer-4.1.33.Final.jar:/Users/ayan/.m2/repository/io/netty/netty-resolver/4.1.33.Final/netty-resolver-4.1.33.Final.jar:/Users/ayan/.m2/repository/io/netty/netty-codec/4.1.33.Final/netty-codec-4.1.33.Final.jar:/Users/ayan/.m2/repository/io/netty/netty-handler-proxy/4.1.33.Final/netty-handler-proxy-4.1.33.Final.jar:/Users/ayan/.m2/repository/io/netty/netty-codec-socks/4.1.33.Final/netty-codec-socks-4.1.33.Final.jar:/Users/ayan/.m2/repository/io/netty/netty-codec-http/4.1.33.Final/netty-codec-http-4.1.33.Final.jar:/Users/ayan/.m2/repository/io/netty/netty-handler/4.1.33.Final/netty-handler-4.1.33.Final.jar:/Users/ayan/.m2/repository/com/sleepycat/je/5.0.73/je-5.0.73.jar:"/>
    <property name="java.vm.vendor" value="BellSoft"/>
    <property name="sun.arch.data.model" value="64"/>
    <property name="sun.font.fontmanager" value="sun.font.CFontManager"/>
    <property name="java.vendor.url" value="https://bell-sw.com/"/>
    <property name="user.timezone" value="America/New_York"/>
    <property name="java.vm.specification.version" value="1.8"/>
    <property name="os.name" value="Mac OS X"/>
    <property name="user.country" value="US"/>
    <property name="sun.java.launcher" value="SUN_STANDARD"/>
    <property name="sun.boot.library.path" value="/Users/ayan/Library/Java/JavaVirtualMachines/liberica-1.8.0_322/jre/lib"/>
    <property name="sun.java.command" value="/Users/ayan/Desktop/stadProject/fastjson-master/target/surefire/surefirebooter3637641393760238024.jar /Users/ayan/Desktop/stadProject/fastjson-master/target/surefire 2022-04-28T19-48-12_489-jvmRun1 surefire3579024102476908200tmp surefire_08927774126334802656tmp"/>
    <property name="http.nonProxyHosts" value="local|*.local|169.254/16|*.169.254/16"/>
    <property name="surefire.test.class.path" value="/Users/ayan/Desktop/stadProject/fastjson-master/target/test-classes:/Users/ayan/Desktop/stadProject/fastjson-master/target/classes:/Users/ayan/.m2/repository/org/pitest/pitest-maven/1.5.0/pitest-maven-1.5.0.jar:/Users/ayan/.m2/repository/org/pitest/pitest-entry/1.5.0/pitest-entry-1.5.0.jar:/Users/ayan/.m2/repository/org/pitest/pitest/1.5.0/pitest-1.5.0.jar:/Users/ayan/.m2/repository/org/pitest/pitest-html-report/1.5.0/pitest-html-report-1.5.0.jar:/Users/ayan/.m2/repository/org/pitest/pitest-aggregator/1.5.0/pitest-aggregator-1.5.0.jar:/Users/ayan/.m2/repository/org/apache/maven/maven-plugin-api/2.2.1/maven-plugin-api-2.2.1.jar:/Users/ayan/.m2/repository/org/apache/maven/reporting/maven-reporting-api/2.2.1/maven-reporting-api-2.2.1.jar:/Users/ayan/.m2/repository/org/apache/maven/doxia/doxia-sink-api/1.1/doxia-sink-api-1.1.jar:/Users/ayan/.m2/repository/org/apache/maven/doxia/doxia-logging-api/1.1/doxia-logging-api-1.1.jar:/Users/ayan/.m2/repository/commons-collections/commons-collections/3.2.2/commons-collections-3.2.2.jar:/Users/ayan/.m2/repository/commons-beanutils/commons-beanutils/1.9.4/commons-beanutils-1.9.4.jar:/Users/ayan/.m2/repository/org/codehaus/plexus/plexus-utils/3.3.0/plexus-utils-3.3.0.jar:/Users/ayan/.m2/repository/org/apache/maven/reporting/maven-reporting-impl/2.0.4.3/maven-reporting-impl-2.0.4.3.jar:/Users/ayan/.m2/repository/org/apache/maven/doxia/doxia-core/1.0/doxia-core-1.0.jar:/Users/ayan/.m2/repository/org/apache/maven/doxia/doxia-site-renderer/1.0/doxia-site-renderer-1.0.jar:/Users/ayan/.m2/repository/org/codehaus/plexus/plexus-i18n/1.0-beta-7/plexus-i18n-1.0-beta-7.jar:/Users/ayan/.m2/repository/org/codehaus/plexus/plexus-velocity/1.1.7/plexus-velocity-1.1.7.jar:/Users/ayan/.m2/repository/org/apache/velocity/velocity/1.5/velocity-1.5.jar:/Users/ayan/.m2/repository/org/apache/maven/doxia/doxia-decoration-model/1.0/doxia-decoration-model-1.0.jar:/Users/ayan/.m2/repository/org/apache/maven/doxia/doxia-module-apt/1.0/doxia-module-apt-1.0.jar:/Users/ayan/.m2/repository/org/apache/maven/doxia/doxia-module-fml/1.0/doxia-module-fml-1.0.jar:/Users/ayan/.m2/repository/org/apache/maven/doxia/doxia-module-xdoc/1.0/doxia-module-xdoc-1.0.jar:/Users/ayan/.m2/repository/org/apache/maven/doxia/doxia-module-xhtml/1.0/doxia-module-xhtml-1.0.jar:/Users/ayan/.m2/repository/commons-validator/commons-validator/1.2.0/commons-validator-1.2.0.jar:/Users/ayan/.m2/repository/commons-digester/commons-digester/1.6/commons-digester-1.6.jar:/Users/ayan/.m2/repository/oro/oro/2.0.8/oro-2.0.8.jar:/Users/ayan/.m2/repository/xml-apis/xml-apis/1.0.b2/xml-apis-1.0.b2.jar:/Users/ayan/.m2/repository/org/apache/maven/shared/maven-doxia-tools/1.0.2/maven-doxia-tools-1.0.2.jar:/Users/ayan/.m2/repository/org/apache/maven/maven-project/2.2.1/maven-project-2.2.1.jar:/Users/ayan/.m2/repository/org/apache/maven/maven-settings/2.2.1/maven-settings-2.2.1.jar:/Users/ayan/.m2/repository/org/apache/maven/maven-profile/2.2.1/maven-profile-2.2.1.jar:/Users/ayan/.m2/repository/org/apache/maven/maven-model/2.2.1/maven-model-2.2.1.jar:/Users/ayan/.m2/repository/org/apache/maven/maven-artifact-manager/2.2.1/maven-artifact-manager-2.2.1.jar:/Users/ayan/.m2/repository/org/apache/maven/maven-repository-metadata/2.2.1/maven-repository-metadata-2.2.1.jar:/Users/ayan/.m2/repository/org/apache/maven/wagon/wagon-provider-api/1.0-beta-6/wagon-provider-api-1.0-beta-6.jar:/Users/ayan/.m2/repository/backport-util-concurrent/backport-util-concurrent/3.1/backport-util-concurrent-3.1.jar:/Users/ayan/.m2/repository/org/apache/maven/maven-plugin-registry/2.2.1/maven-plugin-registry-2.2.1.jar:/Users/ayan/.m2/repository/org/codehaus/plexus/plexus-interpolation/1.11/plexus-interpolation-1.11.jar:/Users/ayan/.m2/repository/org/codehaus/plexus/plexus-container-default/1.0-alpha-9-stable-1/plexus-container-default-1.0-alpha-9-stable-1.jar:/Users/ayan/.m2/repository/classworlds/classworlds/1.1-alpha-2/classworlds-1.1-alpha-2.jar:/Users/ayan/.m2/repository/org/apache/maven/scm/maven-scm-api/1.9.4/maven-scm-api-1.9.4.jar:/Users/ayan/.m2/repository/org/apache/maven/scm/maven-scm-manager-plexus/1.9.4/maven-scm-manager-plexus-1.9.4.jar:/Users/ayan/.m2/repository/org/codehaus/groovy/groovy-all/2.4.18/groovy-all-2.4.18.jar:/Users/ayan/.m2/repository/org/apache/maven/scm/maven-scm-provider-accurev/1.9.4/maven-scm-provider-accurev-1.9.4.jar:/Users/ayan/.m2/repository/org/apache/maven/scm/maven-scm-provider-bazaar/1.9.4/maven-scm-provider-bazaar-1.9.4.jar:/Users/ayan/.m2/repository/org/apache/maven/scm/maven-scm-provider-clearcase/1.9.4/maven-scm-provider-clearcase-1.9.4.jar:/Users/ayan/.m2/repository/org/apache/maven/scm/maven-scm-provider-cvsexe/1.9.4/maven-scm-provider-cvsexe-1.9.4.jar:/Users/ayan/.m2/repository/org/apache/maven/scm/maven-scm-provider-cvs-commons/1.9.4/maven-scm-provider-cvs-commons-1.9.4.jar:/Users/ayan/.m2/repository/org/apache/maven/scm/maven-scm-provider-cvsjava/1.9.4/maven-scm-provider-cvsjava-1.9.4.jar:/Users/ayan/.m2/repository/org/netbeans/lib/cvsclient/20060125/cvsclient-20060125.jar:/Users/ayan/.m2/repository/ch/ethz/ganymed/ganymed-ssh2/build210/ganymed-ssh2-build210.jar:/Users/ayan/.m2/repository/org/apache/maven/scm/maven-scm-provider-gitexe/1.9.4/maven-scm-provider-gitexe-1.9.4.jar:/Users/ayan/.m2/repository/org/apache/maven/scm/maven-scm-provider-git-commons/1.9.4/maven-scm-provider-git-commons-1.9.4.jar:/Users/ayan/.m2/repository/org/apache/maven/scm/maven-scm-provider-hg/1.9.4/maven-scm-provider-hg-1.9.4.jar:/Users/ayan/.m2/repository/org/apache/maven/scm/maven-scm-provider-perforce/1.9.4/maven-scm-provider-perforce-1.9.4.jar:/Users/ayan/.m2/repository/org/apache/maven/scm/maven-scm-provider-starteam/1.9.4/maven-scm-provider-starteam-1.9.4.jar:/Users/ayan/.m2/repository/org/apache/maven/scm/maven-scm-provider-svnexe/1.9.4/maven-scm-provider-svnexe-1.9.4.jar:/Users/ayan/.m2/repository/org/apache/maven/scm/maven-scm-provider-svn-commons/1.9.4/maven-scm-provider-svn-commons-1.9.4.jar:/Users/ayan/.m2/repository/org/apache/maven/scm/maven-scm-provider-synergy/1.9.4/maven-scm-provider-synergy-1.9.4.jar:/Users/ayan/.m2/repository/org/apache/maven/scm/maven-scm-provider-vss/1.9.4/maven-scm-provider-vss-1.9.4.jar:/Users/ayan/.m2/repository/org/apache/maven/scm/maven-scm-provider-tfs/1.9.4/maven-scm-provider-tfs-1.9.4.jar:/Users/ayan/.m2/repository/org/apache/maven/scm/maven-scm-provider-integrity/1.9.4/maven-scm-provider-integrity-1.9.4.jar:/Users/ayan/.m2/repository/com/mks/api/mksapi-jar/4.10.9049/mksapi-jar-4.10.9049.jar:/Users/ayan/.m2/repository/org/apache/maven/scm/maven-scm-provider-jazz/1.9.4/maven-scm-provider-jazz-1.9.4.jar:/Users/ayan/.m2/repository/org/apache/maven/surefire/surefire-booter/2.17/surefire-booter-2.17.jar:/Users/ayan/.m2/repository/org/apache/maven/surefire/surefire-api/2.17/surefire-api-2.17.jar:/Users/ayan/.m2/repository/org/apache/maven/surefire/maven-surefire-common/2.17/maven-surefire-common-2.17.jar:/Users/ayan/.m2/repository/org/apache/maven/plugin-tools/maven-plugin-annotations/3.2/maven-plugin-annotations-3.2.jar:/Users/ayan/.m2/repository/org/apache/maven/maven-plugin-descriptor/2.0.9/maven-plugin-descriptor-2.0.9.jar:/Users/ayan/.m2/repository/org/apache/maven/maven-core/2.0.9/maven-core-2.0.9.jar:/Users/ayan/.m2/repository/org/apache/maven/maven-plugin-parameter-documenter/2.0.9/maven-plugin-parameter-documenter-2.0.9.jar:/Users/ayan/.m2/repository/org/apache/maven/maven-error-diagnostics/2.0.9/maven-error-diagnostics-2.0.9.jar:/Users/ayan/.m2/repository/org/apache/maven/maven-monitor/2.0.9/maven-monitor-2.0.9.jar:/Users/ayan/.m2/repository/org/apache/maven/maven-artifact/2.2.1/maven-artifact-2.2.1.jar:/Users/ayan/.m2/repository/org/apache/maven/maven-toolchain/2.2.1/maven-toolchain-2.2.1.jar:/Users/ayan/.m2/repository/org/slf4j/jul-to-slf4j/1.7.12/jul-to-slf4j-1.7.12.jar:/Users/ayan/.m2/repository/uk/org/lidalia/sysout-over-slf4j/1.0.2/sysout-over-slf4j-1.0.2.jar:/Users/ayan/.m2/repository/io/gatling/gatling-maven-plugin/4.1.6-M1/gatling-maven-plugin-4.1.6-M1.jar:/Users/ayan/.m2/repository/org/zeroturnaround/zt-zip/1.15/zt-zip-1.15.jar:/Users/ayan/.m2/repository/io/gatling/gatling-enterprise-plugin-commons/1.1.1/gatling-enterprise-plugin-commons-1.1.1.jar:/Users/ayan/.m2/repository/org/apache/commons/commons-exec/1.3/commons-exec-1.3.jar:/Users/ayan/.m2/repository/io/gatling/gatling-scanner/1.0.1/gatling-scanner-1.0.1.jar:/Users/ayan/.m2/repository/io/gatling/gatling-asm-shaded/9.2/gatling-asm-shaded-9.2.jar:/Users/ayan/.m2/repository/javax/servlet/javax.servlet-api/3.1.0/javax.servlet-api-3.1.0.jar:/Users/ayan/.m2/repository/javax/ws/rs/javax.ws.rs-api/2.0.1/javax.ws.rs-api-2.0.1.jar:/Users/ayan/.m2/repository/org/apache/cxf/cxf-rt-transports-http/3.1.2/cxf-rt-transports-http-3.1.2.jar:/Users/ayan/.m2/repository/org/apache/cxf/cxf-core/3.1.2/cxf-core-3.1.2.jar:/Users/ayan/.m2/repository/org/codehaus/woodstox/woodstox-core-asl/4.4.1/woodstox-core-asl-4.4.1.jar:/Users/ayan/.m2/repository/org/codehaus/woodstox/stax2-api/3.1.4/stax2-api-3.1.4.jar:/Users/ayan/.m2/repository/org/apache/ws/xmlschema/xmlschema-core/2.2.1/xmlschema-core-2.2.1.jar:/Users/ayan/.m2/repository/org/apache/cxf/cxf-rt-frontend-jaxrs/3.1.2/cxf-rt-frontend-jaxrs-3.1.2.jar:/Users/ayan/.m2/repository/javax/annotation/javax.annotation-api/1.2/javax.annotation-api-1.2.jar:/Users/ayan/.m2/repository/org/springframework/spring-websocket/4.3.7.RELEASE/spring-websocket-4.3.7.RELEASE.jar:/Users/ayan/.m2/repository/org/springframework/spring-context/4.3.7.RELEASE/spring-context-4.3.7.RELEASE.jar:/Users/ayan/.m2/repository/org/springframework/spring-core/4.3.7.RELEASE/spring-core-4.3.7.RELEASE.jar:/Users/ayan/.m2/repository/org/springframework/spring-web/4.3.7.RELEASE/spring-web-4.3.7.RELEASE.jar:/Users/ayan/.m2/repository/org/springframework/spring-webmvc/4.3.7.RELEASE/spring-webmvc-4.3.7.RELEASE.jar:/Users/ayan/.m2/repository/org/springframework/spring-aop/4.3.7.RELEASE/spring-aop-4.3.7.RELEASE.jar:/Users/ayan/.m2/repository/org/springframework/spring-beans/4.3.7.RELEASE/spring-beans-4.3.7.RELEASE.jar:/Users/ayan/.m2/repository/org/springframework/spring-expression/4.3.7.RELEASE/spring-expression-4.3.7.RELEASE.jar:/Users/ayan/.m2/repository/org/springframework/spring-messaging/4.3.7.RELEASE/spring-messaging-4.3.7.RELEASE.jar:/Users/ayan/.m2/repository/org/springframework/data/spring-data-redis/1.8.6.RELEASE/spring-data-redis-1.8.6.RELEASE.jar:/Users/ayan/.m2/repository/org/springframework/data/spring-data-keyvalue/1.2.6.RELEASE/spring-data-keyvalue-1.2.6.RELEASE.jar:/Users/ayan/.m2/repository/org/springframework/spring-tx/4.3.10.RELEASE/spring-tx-4.3.10.RELEASE.jar:/Users/ayan/.m2/repository/org/springframework/spring-oxm/4.3.10.RELEASE/spring-oxm-4.3.10.RELEASE.jar:/Users/ayan/.m2/repository/org/springframework/spring-context-support/4.3.10.RELEASE/spring-context-support-4.3.10.RELEASE.jar:/Users/ayan/.m2/repository/org/slf4j/slf4j-api/1.7.25/slf4j-api-1.7.25.jar:/Users/ayan/.m2/repository/org/slf4j/jcl-over-slf4j/1.7.25/jcl-over-slf4j-1.7.25.jar:/Users/ayan/.m2/repository/com/squareup/retrofit2/retrofit/2.5.0/retrofit-2.5.0.jar:/Users/ayan/.m2/repository/com/squareup/okhttp3/okhttp/3.6.0/okhttp-3.6.0.jar:/Users/ayan/.m2/repository/com/squareup/okio/okio/1.11.0/okio-1.11.0.jar:/Users/ayan/.m2/repository/io/springfox/springfox-spring-web/2.6.1/springfox-spring-web-2.6.1.jar:/Users/ayan/.m2/repository/com/google/guava/guava/18.0/guava-18.0.jar:/Users/ayan/.m2/repository/com/fasterxml/classmate/1.3.1/classmate-1.3.1.jar:/Users/ayan/.m2/repository/org/springframework/plugin/spring-plugin-core/1.2.0.RELEASE/spring-plugin-core-1.2.0.RELEASE.jar:/Users/ayan/.m2/repository/org/springframework/plugin/spring-plugin-metadata/1.2.0.RELEASE/spring-plugin-metadata-1.2.0.RELEASE.jar:/Users/ayan/.m2/repository/io/springfox/springfox-spi/2.6.1/springfox-spi-2.6.1.jar:/Users/ayan/.m2/repository/io/springfox/springfox-core/2.6.1/springfox-core-2.6.1.jar:/Users/ayan/.m2/repository/io/javaslang/javaslang/2.0.6/javaslang-2.0.6.jar:/Users/ayan/.m2/repository/io/javaslang/javaslang-match/2.0.6/javaslang-match-2.0.6.jar:/Users/ayan/.m2/repository/org/glassfish/jersey/core/jersey-common/2.23.2/jersey-common-2.23.2.jar:/Users/ayan/.m2/repository/org/glassfish/jersey/bundles/repackaged/jersey-guava/2.23.2/jersey-guava-2.23.2.jar:/Users/ayan/.m2/repository/org/glassfish/hk2/hk2-api/2.5.0-b05/hk2-api-2.5.0-b05.jar:/Users/ayan/.m2/repository/org/glassfish/hk2/hk2-utils/2.5.0-b05/hk2-utils-2.5.0-b05.jar:/Users/ayan/.m2/repository/org/glassfish/hk2/external/aopalliance-repackaged/2.5.0-b05/aopalliance-repackaged-2.5.0-b05.jar:/Users/ayan/.m2/repository/org/glassfish/hk2/external/javax.inject/2.5.0-b05/javax.inject-2.5.0-b05.jar:/Users/ayan/.m2/repository/org/glassfish/hk2/hk2-locator/2.5.0-b05/hk2-locator-2.5.0-b05.jar:/Users/ayan/.m2/repository/org/glassfish/hk2/osgi-resource-locator/1.0.1/osgi-resource-locator-1.0.1.jar:/Users/ayan/.m2/repository/joda-time/joda-time/2.10/joda-time-2.10.jar:/Users/ayan/.m2/repository/net/sf/trove4j/core/3.1.0/core-3.1.0.jar:/Users/ayan/.m2/repository/org/javamoney/moneta/moneta-core/1.3/moneta-core-1.3.jar:/Users/ayan/.m2/repository/javax/money/money-api/1.0.3/money-api-1.0.3.jar:/Users/ayan/.m2/repository/io/airlift/slice/0.36/slice-0.36.jar:/Users/ayan/.m2/repository/org/openjdk/jol/jol-core/0.2/jol-core-0.2.jar:/Users/ayan/.m2/repository/com/google/protobuf/protobuf-java/3.11.0/protobuf-java-3.11.0.jar:/Users/ayan/.m2/repository/com/google/protobuf/protobuf-java-util/3.11.0/protobuf-java-util-3.11.0.jar:/Users/ayan/.m2/repository/com/google/errorprone/error_prone_annotations/2.3.3/error_prone_annotations-2.3.3.jar:/Users/ayan/.m2/repository/org/jacoco/jacoco-maven-plugin/0.7.6.201602180812/jacoco-maven-plugin-0.7.6.201602180812.jar:/Users/ayan/.m2/repository/org/apache/maven/shared/file-management/1.2.1/file-management-1.2.1.jar:/Users/ayan/.m2/repository/org/apache/maven/shared/maven-shared-io/1.1/maven-shared-io-1.1.jar:/Users/ayan/.m2/repository/org/jacoco/org.jacoco.agent/0.7.6.201602180812/org.jacoco.agent-0.7.6.201602180812-runtime.jar:/Users/ayan/.m2/repository/org/jacoco/org.jacoco.core/0.7.6.201602180812/org.jacoco.core-0.7.6.201602180812.jar:/Users/ayan/.m2/repository/org/jacoco/org.jacoco.report/0.7.6.201602180812/org.jacoco.report-0.7.6.201602180812.jar:/Users/ayan/.m2/repository/org/eclipse/jetty/jetty-server/9.4.17.v20190418/jetty-server-9.4.17.v20190418.jar:/Users/ayan/.m2/repository/org/eclipse/jetty/jetty-http/9.4.17.v20190418/jetty-http-9.4.17.v20190418.jar:/Users/ayan/.m2/repository/org/eclipse/jetty/jetty-util/9.4.17.v20190418/jetty-util-9.4.17.v20190418.jar:/Users/ayan/.m2/repository/org/eclipse/jetty/jetty-io/9.4.17.v20190418/jetty-io-9.4.17.v20190418.jar:/Users/ayan/.m2/repository/org/eclipse/jetty/jetty-webapp/9.4.17.v20190418/jetty-webapp-9.4.17.v20190418.jar:/Users/ayan/.m2/repository/org/eclipse/jetty/jetty-xml/9.4.17.v20190418/jetty-xml-9.4.17.v20190418.jar:/Users/ayan/.m2/repository/org/eclipse/jetty/jetty-servlet/9.4.17.v20190418/jetty-servlet-9.4.17.v20190418.jar:/Users/ayan/.m2/repository/org/eclipse/jetty/jetty-security/9.4.17.v20190418/jetty-security-9.4.17.v20190418.jar:/Users/ayan/.m2/repository/junit/junit/4.13.1/junit-4.13.1.jar:/Users/ayan/.m2/repository/org/hamcrest/hamcrest-core/1.3/hamcrest-core-1.3.jar:/Users/ayan/.m2/repository/com/fasterxml/jackson/core/jackson-databind/2.10.0/jackson-databind-2.10.0.jar:/Users/ayan/.m2/repository/com/fasterxml/jackson/core/jackson-annotations/2.10.0/jackson-annotations-2.10.0.jar:/Users/ayan/.m2/repository/com/fasterxml/jackson/core/jackson-core/2.10.0/jackson-core-2.10.0.jar:/Users/ayan/.m2/repository/com/fasterxml/jackson/module/jackson-module-afterburner/2.10.0/jackson-module-afterburner-2.10.0.jar:/Users/ayan/.m2/repository/com/fasterxml/jackson/module/jackson-module-kotlin/2.9.10/jackson-module-kotlin-2.9.10.jar:/Users/ayan/.m2/repository/cglib/cglib-nodep/2.2.2/cglib-nodep-2.2.2.jar:/Users/ayan/.m2/repository/com/fasterxml/jackson/jaxrs/jackson-jaxrs-json-provider/2.9.10/jackson-jaxrs-json-provider-2.9.10.jar:/Users/ayan/.m2/repository/com/fasterxml/jackson/jaxrs/jackson-jaxrs-base/2.9.10/jackson-jaxrs-base-2.9.10.jar:/Users/ayan/.m2/repository/com/fasterxml/jackson/module/jackson-module-jaxb-annotations/2.9.10/jackson-module-jaxb-annotations-2.9.10.jar:/Users/ayan/.m2/repository/com/googlecode/json-simple/json-simple/1.1.1/json-simple-1.1.1.jar:/Users/ayan/.m2/repository/commons-io/commons-io/2.7/commons-io-2.7.jar:/Users/ayan/.m2/repository/net/sf/json-lib/json-lib/2.4/json-lib-2.4-jdk15.jar:/Users/ayan/.m2/repository/commons-lang/commons-lang/2.5/commons-lang-2.5.jar:/Users/ayan/.m2/repository/commons-logging/commons-logging/1.1.1/commons-logging-1.1.1.jar:/Users/ayan/.m2/repository/net/sf/ezmorph/ezmorph/1.0.6/ezmorph-1.0.6.jar:/Users/ayan/.m2/repository/com/google/code/gson/gson/2.6.2/gson-2.6.2.jar:/Users/ayan/.m2/repository/net/minidev/json-smart/2.4.8/json-smart-2.4.8.jar:/Users/ayan/.m2/repository/net/minidev/accessors-smart/2.4.8/accessors-smart-2.4.8.jar:/Users/ayan/.m2/repository/org/clojure/clojure/1.5.1/clojure-1.5.1.jar:/Users/ayan/.m2/repository/org/codehaus/groovy/groovy/2.1.5/groovy-2.1.5.jar:/Users/ayan/.m2/repository/antlr/antlr/2.7.7/antlr-2.7.7.jar:/Users/ayan/.m2/repository/org/ow2/asm/asm-tree/4.0/asm-tree-4.0.jar:/Users/ayan/.m2/repository/org/ow2/asm/asm-commons/4.0/asm-commons-4.0.jar:/Users/ayan/.m2/repository/org/ow2/asm/asm/4.0/asm-4.0.jar:/Users/ayan/.m2/repository/org/ow2/asm/asm-util/4.0/asm-util-4.0.jar:/Users/ayan/.m2/repository/org/ow2/asm/asm-analysis/4.0/asm-analysis-4.0.jar:/Users/ayan/.m2/repository/org/springframework/spring-test/4.3.7.RELEASE/spring-test-4.3.7.RELEASE.jar:/Users/ayan/.m2/repository/org/javassist/javassist/3.18.0-GA/javassist-3.18.0-GA.jar:/Users/ayan/.m2/repository/org/apache/cxf/cxf-rt-rs-client/3.1.2/cxf-rt-rs-client-3.1.2.jar:/Users/ayan/.m2/repository/org/springframework/data/spring-data-commons/2.1.2.RELEASE/spring-data-commons-2.1.2.RELEASE.jar:/Users/ayan/.m2/repository/org/glassfish/jersey/containers/jersey-container-servlet/2.23.2/jersey-container-servlet-2.23.2.jar:/Users/ayan/.m2/repository/org/glassfish/jersey/containers/jersey-container-servlet-core/2.23.2/jersey-container-servlet-core-2.23.2.jar:/Users/ayan/.m2/repository/org/glassfish/jersey/core/jersey-server/2.23.2/jersey-server-2.23.2.jar:/Users/ayan/.m2/repository/org/glassfish/jersey/media/jersey-media-jaxb/2.23.2/jersey-media-jaxb-2.23.2.jar:/Users/ayan/.m2/repository/javax/validation/validation-api/1.1.0.Final/validation-api-1.1.0.Final.jar:/Users/ayan/.m2/repository/org/glassfish/jersey/core/jersey-client/2.23.2/jersey-client-2.23.2.jar:/Users/ayan/.m2/repository/org/glassfish/jersey/test-framework/providers/jersey-test-framework-provider-jdk-http/2.23.2/jersey-test-framework-provider-jdk-http-2.23.2.jar:/Users/ayan/.m2/repository/org/glassfish/jersey/test-framework/jersey-test-framework-core/2.23.2/jersey-test-framework-core-2.23.2.jar:/Users/ayan/.m2/repository/org/glassfish/jersey/containers/jersey-container-jdk-http/2.23.2/jersey-container-jdk-http-2.23.2.jar:/Users/ayan/.m2/repository/org/ow2/asm/asm-debug-all/5.0.4/asm-debug-all-5.0.4.jar:/Users/ayan/.m2/repository/org/glassfish/jersey/media/jersey-media-json-jackson/2.23.2/jersey-media-json-jackson-2.23.2.jar:/Users/ayan/.m2/repository/org/glassfish/jersey/ext/jersey-entity-filtering/2.23.2/jersey-entity-filtering-2.23.2.jar:/Users/ayan/.m2/repository/com/jsoniter/jsoniter/0.9.8/jsoniter-0.9.8.jar:/Users/ayan/.m2/repository/org/apache/commons/commons-lang3/3.5/commons-lang3-3.5.jar:/Users/ayan/.m2/repository/org/hibernate/hibernate-core/5.2.10.Final/hibernate-core-5.2.10.Final.jar:/Users/ayan/.m2/repository/org/jboss/logging/jboss-logging/3.3.0.Final/jboss-logging-3.3.0.Final.jar:/Users/ayan/.m2/repository/org/hibernate/javax/persistence/hibernate-jpa-2.1-api/1.0.0.Final/hibernate-jpa-2.1-api-1.0.0.Final.jar:/Users/ayan/.m2/repository/org/jboss/spec/javax/transaction/jboss-transaction-api_1.2_spec/1.0.1.Final/jboss-transaction-api_1.2_spec-1.0.1.Final.jar:/Users/ayan/.m2/repository/org/jboss/jandex/2.0.3.Final/jandex-2.0.3.Final.jar:/Users/ayan/.m2/repository/dom4j/dom4j/1.6.1/dom4j-1.6.1.jar:/Users/ayan/.m2/repository/org/hibernate/common/hibernate-commons-annotations/5.0.1.Final/hibernate-commons-annotations-5.0.1.Final.jar:/Users/ayan/.m2/repository/com/jayway/jsonpath/json-path/2.3.0/json-path-2.3.0.jar:/Users/ayan/.m2/repository/org/jetbrains/kotlin/kotlin-stdlib/1.4.21/kotlin-stdlib-1.4.21.jar:/Users/ayan/.m2/repository/org/jetbrains/kotlin/kotlin-stdlib-common/1.4.21/kotlin-stdlib-common-1.4.21.jar:/Users/ayan/.m2/repository/org/jetbrains/annotations/13.0/annotations-13.0.jar:/Users/ayan/.m2/repository/org/jetbrains/kotlin/kotlin-reflect/1.4.21/kotlin-reflect-1.4.21.jar:/Users/ayan/.m2/repository/org/springframework/security/spring-security-web/5.2.10.RELEASE/spring-security-web-5.2.10.RELEASE.jar:/Users/ayan/.m2/repository/org/springframework/security/spring-security-core/5.2.10.RELEASE/spring-security-core-5.2.10.RELEASE.jar:/Users/ayan/.m2/repository/org/apache/commons/commons-collections4/4.1/commons-collections4-4.1.jar:/Users/ayan/.m2/repository/org/mockito/mockito-all/1.10.19/mockito-all-1.10.19.jar:/Users/ayan/.m2/repository/org/powermock/powermock-module-junit4/1.6.6/powermock-module-junit4-1.6.6.jar:/Users/ayan/.m2/repository/org/powermock/powermock-module-junit4-common/1.6.6/powermock-module-junit4-common-1.6.6.jar:/Users/ayan/.m2/repository/org/powermock/powermock-core/1.6.6/powermock-core-1.6.6.jar:/Users/ayan/.m2/repository/org/powermock/powermock-reflect/1.6.6/powermock-reflect-1.6.6.jar:/Users/ayan/.m2/repository/com/diffblue/deeptestutils/1.1.0/deeptestutils-1.1.0.jar:/Users/ayan/.m2/repository/org/objenesis/objenesis/2.5.1/objenesis-2.5.1.jar:/Users/ayan/.m2/repository/org/powermock/powermock-api-mockito/1.6.6/powermock-api-mockito-1.6.6.jar:/Users/ayan/.m2/repository/org/mockito/mockito-core/1.10.19/mockito-core-1.10.19.jar:/Users/ayan/.m2/repository/org/powermock/powermock-api-mockito-common/1.6.6/powermock-api-mockito-common-1.6.6.jar:/Users/ayan/.m2/repository/org/powermock/powermock-api-support/1.6.6/powermock-api-support-1.6.6.jar:/Users/ayan/.m2/repository/org/projectlombok/lombok/1.18.4/lombok-1.18.4.jar:/Users/ayan/.m2/repository/org/openjdk/jmh/jmh-core/1.21/jmh-core-1.21.jar:/Users/ayan/.m2/repository/net/sf/jopt-simple/jopt-simple/4.6/jopt-simple-4.6.jar:/Users/ayan/.m2/repository/org/apache/commons/commons-math3/3.2/commons-math3-3.2.jar:/Users/ayan/.m2/repository/org/openjdk/jmh/jmh-generator-annprocess/1.21/jmh-generator-annprocess-1.21.jar:/Users/ayan/.m2/repository/org/springframework/security/oauth/spring-security-oauth2/2.3.5.RELEASE/spring-security-oauth2-2.3.5.RELEASE.jar:/Users/ayan/.m2/repository/org/springframework/security/spring-security-config/3.2.10.RELEASE/spring-security-config-3.2.10.RELEASE.jar:/Users/ayan/.m2/repository/aopalliance/aopalliance/1.0/aopalliance-1.0.jar:/Users/ayan/.m2/repository/org/codehaus/jackson/jackson-mapper-asl/1.9.13/jackson-mapper-asl-1.9.13.jar:/Users/ayan/.m2/repository/org/codehaus/jackson/jackson-core-asl/1.9.13/jackson-core-asl-1.9.13.jar:/Users/ayan/.m2/repository/org/gitlab4j/gitlab4j-api/4.8.42/gitlab4j-api-4.8.42.jar:/Users/ayan/.m2/repository/javax/xml/bind/jaxb-api/2.3.0/jaxb-api-2.3.0.jar:/Users/ayan/.m2/repository/com/sun/activation/javax.activation/1.2.0/javax.activation-1.2.0.jar:/Users/ayan/.m2/repository/org/glassfish/jersey/inject/jersey-hk2/2.27/jersey-hk2-2.27.jar:/Users/ayan/.m2/repository/org/glassfish/jersey/connectors/jersey-apache-connector/2.27/jersey-apache-connector-2.27.jar:/Users/ayan/.m2/repository/org/apache/httpcomponents/httpclient/4.5/httpclient-4.5.jar:/Users/ayan/.m2/repository/org/apache/httpcomponents/httpcore/4.4.1/httpcore-4.4.1.jar:/Users/ayan/.m2/repository/org/glassfish/jersey/media/jersey-media-multipart/2.27/jersey-media-multipart-2.27.jar:/Users/ayan/.m2/repository/org/jvnet/mimepull/mimepull/1.9.6/mimepull-1.9.6.jar:/Users/ayan/.m2/repository/org/json/json/20180130/json-20180130.jar:/Users/ayan/.m2/repository/com/chinamobile/cmos/sms-core/2.1.9/sms-core-2.1.9.jar:/Users/ayan/.m2/repository/de/ruedigermoeller/fst/2.48-jdk-6/fst-2.48-jdk-6.jar:/Users/ayan/.m2/repository/com/cedarsoftware/java-util/1.9.0/java-util-1.9.0.jar:/Users/ayan/.m2/repository/commons-codec/commons-codec/1.11/commons-codec-1.11.jar:/Users/ayan/.m2/repository/io/netty/netty-transport/4.1.33.Final/netty-transport-4.1.33.Final.jar:/Users/ayan/.m2/repository/io/netty/netty-common/4.1.33.Final/netty-common-4.1.33.Final.jar:/Users/ayan/.m2/repository/io/netty/netty-buffer/4.1.33.Final/netty-buffer-4.1.33.Final.jar:/Users/ayan/.m2/repository/io/netty/netty-resolver/4.1.33.Final/netty-resolver-4.1.33.Final.jar:/Users/ayan/.m2/repository/io/netty/netty-codec/4.1.33.Final/netty-codec-4.1.33.Final.jar:/Users/ayan/.m2/repository/io/netty/netty-handler-proxy/4.1.33.Final/netty-handler-proxy-4.1.33.Final.jar:/Users/ayan/.m2/repository/io/netty/netty-codec-socks/4.1.33.Final/netty-codec-socks-4.1.33.Final.jar:/Users/ayan/.m2/repository/io/netty/netty-codec-http/4.1.33.Final/netty-codec-http-4.1.33.Final.jar:/Users/ayan/.m2/repository/io/netty/netty-handler/4.1.33.Final/netty-handler-4.1.33.Final.jar:/Users/ayan/.m2/repository/com/sleepycat/je/5.0.73/je-5.0.73.jar:"/>
    <property name="sun.cpu.endian" value="little"/>
    <property name="user.home" value="/Users/ayan"/>
    <property name="user.language" value="en"/>
    <property name="java.specification.vendor" value="Oracle Corporation"/>
    <property name="java.home" value="/Users/ayan/Library/Java/JavaVirtualMachines/liberica-1.8.0_322/jre"/>
    <property name="basedir" value="/Users/ayan/Desktop/stadProject/fastjson-master"/>
    <property name="file.separator" value="/"/>
    <property name="line.separator" value="&#10;"/>
    <property name="java.vm.specification.vendor" value="Oracle Corporation"/>
    <property name="java.specification.name" value="Java Platform API Specification"/>
    <property name="java.awt.graphicsenv" value="sun.awt.CGraphicsEnvironment"/>
    <property name="surefire.real.class.path" value="/Users/ayan/Desktop/stadProject/fastjson-master/target/surefire/surefirebooter3637641393760238024.jar:/Users/ayan/.m2/repository/org/jacoco/org.jacoco.agent/0.8.7/org.jacoco.agent-0.8.7-runtime.jar"/>
    <property name="sun.boot.class.path" value="/Users/ayan/Library/Java/JavaVirtualMachines/liberica-1.8.0_322/jre/lib/resources.jar:/Users/ayan/Library/Java/JavaVirtualMachines/liberica-1.8.0_322/jre/lib/rt.jar:/Users/ayan/Library/Java/JavaVirtualMachines/liberica-1.8.0_322/jre/lib/sunrsasign.jar:/Users/ayan/Library/Java/JavaVirtualMachines/liberica-1.8.0_322/jre/lib/jsse.jar:/Users/ayan/Library/Java/JavaVirtualMachines/liberica-1.8.0_322/jre/lib/jce.jar:/Users/ayan/Library/Java/JavaVirtualMachines/liberica-1.8.0_322/jre/lib/charsets.jar:/Users/ayan/Library/Java/JavaVirtualMachines/liberica-1.8.0_322/jre/lib/jfr.jar:/Users/ayan/Library/Java/JavaVirtualMachines/liberica-1.8.0_322/jre/classes"/>
    <property name="sun.management.compiler" value="HotSpot 64-Bit Tiered Compilers"/>
    <property name="ftp.nonProxyHosts" value="local|*.local|169.254/16|*.169.254/16"/>
    <property name="java.runtime.version" value="1.8.0_322-b06"/>
    <property name="user.name" value="ayan"/>
    <property name="path.separator" value=":"/>
    <property name="os.version" value="10.16"/>
    <property name="java.endorsed.dirs" value="/Users/ayan/Library/Java/JavaVirtualMachines/liberica-1.8.0_322/jre/lib/endorsed"/>
    <property name="java.runtime.name" value="OpenJDK Runtime Environment"/>
    <property name="file.encoding" value="UTF-8"/>
    <property name="java.vm.name" value="OpenJDK 64-Bit Server VM"/>
    <property name="localRepository" value="/Users/ayan/.m2/repository"/>
    <property name="java.vendor.url.bug" value="https://bell-sw.com/support"/>
    <property name="java.io.tmpdir" value="/var/folders/mv/dd92cdr1713gwzcp1gm23kh40000gn/T/"/>
    <property name="idea.version" value="2021.2.3"/>
    <property name="java.version" value="1.8.0_322"/>
    <property name="user.dir" value="/Users/ayan/Desktop/stadProject/fastjson-master"/>
    <property name="os.arch" value="x86_64"/>
    <property name="java.vm.specification.name" value="Java Virtual Machine Specification"/>
    <property name="java.awt.printerjob" value="sun.lwawt.macosx.CPrinterJob"/>
    <property name="sun.os.patch.level" value="unknown"/>
    <property name="java.library.path" value="/Users/ayan/Library/Java/Extensions:/Library/Java/Extensions:/Network/Library/Java/Extensions:/System/Library/Java/Extensions:/usr/lib/java:."/>
    <property name="java.vm.info" value="mixed mode"/>
    <property name="java.vendor" value="BellSoft"/>
    <property name="java.vm.version" value="25.322-b06"/>
    <property name="java.ext.dirs" value="/Users/ayan/Library/Java/Extensions:/Users/ayan/Library/Java/JavaVirtualMachines/liberica-1.8.0_322/jre/lib/ext:/Library/Java/Extensions:/Network/Library/Java/Extensions:/System/Library/Java/Extensions:/usr/lib/java"/>
    <property name="sun.io.unicode.encoding" value="UnicodeBig"/>
    <property name="java.class.version" value="52.0"/>
    <property name="socksNonProxyHosts" value="local|*.local|169.254/16|*.169.254/16"/>
  </properties>
  <testcase name="test_dates_different_timeZones" classname="com.alibaba.json.bvt.issue_2900.Issue2962" time="0.139">
    <system-out><![CDATA[Africa/Abidjan {"date":"2022-04-28T23:49:45.589Z"}
Africa/Accra {"date":"2022-04-28T23:49:45.594Z"}
Africa/Addis_Ababa {"date":"2022-04-29T02:49:45.594+03:00"}
Africa/Algiers {"date":"2022-04-29T00:49:45.595+01:00"}
Africa/Asmara {"date":"2022-04-29T02:49:45.595+03:00"}
Africa/Asmera {"date":"2022-04-29T02:49:45.595+03:00"}
Africa/Bamako {"date":"2022-04-28T23:49:45.595Z"}
Africa/Bangui {"date":"2022-04-29T00:49:45.595+01:00"}
Africa/Banjul {"date":"2022-04-28T23:49:45.595Z"}
Africa/Bissau {"date":"2022-04-28T23:49:45.595Z"}
Africa/Blantyre {"date":"2022-04-29T01:49:45.595+02:00"}
Africa/Brazzaville {"date":"2022-04-29T00:49:45.595+01:00"}
Africa/Bujumbura {"date":"2022-04-29T01:49:45.596+02:00"}
Africa/Cairo {"date":"2022-04-29T01:49:45.596+02:00"}
Africa/Casablanca {"date":"2022-04-28T23:49:45.596Z"}
Africa/Ceuta {"date":"2022-04-29T01:49:45.596+02:00"}
Africa/Conakry {"date":"2022-04-28T23:49:45.596Z"}
Africa/Dakar {"date":"2022-04-28T23:49:45.596Z"}
Africa/Dar_es_Salaam {"date":"2022-04-29T02:49:45.597+03:00"}
Africa/Djibouti {"date":"2022-04-29T02:49:45.597+03:00"}
Africa/Douala {"date":"2022-04-29T00:49:45.597+01:00"}
Africa/El_Aaiun {"date":"2022-04-28T23:49:45.597Z"}
Africa/Freetown {"date":"2022-04-28T23:49:45.597Z"}
Africa/Gaborone {"date":"2022-04-29T01:49:45.597+02:00"}
Africa/Harare {"date":"2022-04-29T01:49:45.597+02:00"}
Africa/Johannesburg {"date":"2022-04-29T01:49:45.597+02:00"}
Africa/Juba {"date":"2022-04-29T01:49:45.597+02:00"}
Africa/Kampala {"date":"2022-04-29T02:49:45.597+03:00"}
Africa/Khartoum {"date":"2022-04-29T01:49:45.597+02:00"}
Africa/Kigali {"date":"2022-04-29T01:49:45.597+02:00"}
Africa/Kinshasa {"date":"2022-04-29T00:49:45.598+01:00"}
Africa/Lagos {"date":"2022-04-29T00:49:45.598+01:00"}
Africa/Libreville {"date":"2022-04-29T00:49:45.598+01:00"}
Africa/Lome {"date":"2022-04-28T23:49:45.598Z"}
Africa/Luanda {"date":"2022-04-29T00:49:45.598+01:00"}
Africa/Lubumbashi {"date":"2022-04-29T01:49:45.598+02:00"}
Africa/Lusaka {"date":"2022-04-29T01:49:45.598+02:00"}
Africa/Malabo {"date":"2022-04-29T00:49:45.598+01:00"}
Africa/Maputo {"date":"2022-04-29T01:49:45.598+02:00"}
Africa/Maseru {"date":"2022-04-29T01:49:45.598+02:00"}
Africa/Mbabane {"date":"2022-04-29T01:49:45.598+02:00"}
Africa/Mogadishu {"date":"2022-04-29T02:49:45.598+03:00"}
Africa/Monrovia {"date":"2022-04-28T23:49:45.598Z"}
Africa/Nairobi {"date":"2022-04-29T02:49:45.598+03:00"}
Africa/Ndjamena {"date":"2022-04-29T00:49:45.598+01:00"}
Africa/Niamey {"date":"2022-04-29T00:49:45.600+01:00"}
Africa/Nouakchott {"date":"2022-04-28T23:49:45.602Z"}
Africa/Ouagadougou {"date":"2022-04-28T23:49:45.602Z"}
Africa/Porto-Novo {"date":"2022-04-29T00:49:45.602+01:00"}
Africa/Sao_Tome {"date":"2022-04-28T23:49:45.602Z"}
Africa/Timbuktu {"date":"2022-04-28T23:49:45.602Z"}
Africa/Tripoli {"date":"2022-04-29T01:49:45.602+02:00"}
Africa/Tunis {"date":"2022-04-29T00:49:45.603+01:00"}
Africa/Windhoek {"date":"2022-04-29T01:49:45.603+02:00"}
America/Adak {"date":"2022-04-28T14:49:45.603-09:00"}
America/Anchorage {"date":"2022-04-28T15:49:45.603-08:00"}
America/Anguilla {"date":"2022-04-28T19:49:45.603-04:00"}
America/Antigua {"date":"2022-04-28T19:49:45.604-04:00"}
America/Araguaina {"date":"2022-04-28T20:49:45.604-03:00"}
America/Argentina/Buenos_Aires {"date":"2022-04-28T20:49:45.604-03:00"}
America/Argentina/Catamarca {"date":"2022-04-28T20:49:45.604-03:00"}
America/Argentina/ComodRivadavia {"date":"2022-04-28T20:49:45.604-03:00"}
America/Argentina/Cordoba {"date":"2022-04-28T20:49:45.604-03:00"}
America/Argentina/Jujuy {"date":"2022-04-28T20:49:45.604-03:00"}
America/Argentina/La_Rioja {"date":"2022-04-28T20:49:45.604-03:00"}
America/Argentina/Mendoza {"date":"2022-04-28T20:49:45.605-03:00"}
America/Argentina/Rio_Gallegos {"date":"2022-04-28T20:49:45.605-03:00"}
America/Argentina/Salta {"date":"2022-04-28T20:49:45.605-03:00"}
America/Argentina/San_Juan {"date":"2022-04-28T20:49:45.605-03:00"}
America/Argentina/San_Luis {"date":"2022-04-28T20:49:45.605-03:00"}
America/Argentina/Tucuman {"date":"2022-04-28T20:49:45.612-03:00"}
America/Argentina/Ushuaia {"date":"2022-04-28T20:49:45.612-03:00"}
America/Aruba {"date":"2022-04-28T19:49:45.612-04:00"}
America/Asuncion {"date":"2022-04-28T19:49:45.612-04:00"}
America/Atikokan {"date":"2022-04-28T18:49:45.612-05:00"}
America/Atka {"date":"2022-04-28T14:49:45.612-09:00"}
America/Bahia {"date":"2022-04-28T20:49:45.612-03:00"}
America/Bahia_Banderas {"date":"2022-04-28T18:49:45.612-05:00"}
America/Barbados {"date":"2022-04-28T19:49:45.612-04:00"}
America/Belem {"date":"2022-04-28T20:49:45.613-03:00"}
America/Belize {"date":"2022-04-28T17:49:45.613-06:00"}
America/Blanc-Sablon {"date":"2022-04-28T19:49:45.613-04:00"}
America/Boa_Vista {"date":"2022-04-28T19:49:45.613-04:00"}
America/Bogota {"date":"2022-04-28T18:49:45.613-05:00"}
America/Boise {"date":"2022-04-28T17:49:45.613-06:00"}
America/Buenos_Aires {"date":"2022-04-28T20:49:45.613-03:00"}
America/Cambridge_Bay {"date":"2022-04-28T17:49:45.613-06:00"}
America/Campo_Grande {"date":"2022-04-28T19:49:45.613-04:00"}
America/Cancun {"date":"2022-04-28T18:49:45.613-05:00"}
America/Caracas {"date":"2022-04-28T19:49:45.613-04:00"}
America/Catamarca {"date":"2022-04-28T20:49:45.613-03:00"}
America/Cayenne {"date":"2022-04-28T20:49:45.613-03:00"}
America/Cayman {"date":"2022-04-28T18:49:45.613-05:00"}
America/Chicago {"date":"2022-04-28T18:49:45.613-05:00"}
America/Chihuahua {"date":"2022-04-28T17:49:45.613-06:00"}
America/Coral_Harbour {"date":"2022-04-28T18:49:45.614-05:00"}
America/Cordoba {"date":"2022-04-28T20:49:45.614-03:00"}
America/Costa_Rica {"date":"2022-04-28T17:49:45.614-06:00"}
America/Creston {"date":"2022-04-28T16:49:45.614-07:00"}
America/Cuiaba {"date":"2022-04-28T19:49:45.614-04:00"}
America/Curacao {"date":"2022-04-28T19:49:45.614-04:00"}
America/Danmarkshavn {"date":"2022-04-28T23:49:45.614Z"}
America/Dawson {"date":"2022-04-28T16:49:45.614-07:00"}
America/Dawson_Creek {"date":"2022-04-28T16:49:45.614-07:00"}
America/Denver {"date":"2022-04-28T17:49:45.614-06:00"}
America/Detroit {"date":"2022-04-28T19:49:45.614-04:00"}
America/Dominica {"date":"2022-04-28T19:49:45.614-04:00"}
America/Edmonton {"date":"2022-04-28T17:49:45.614-06:00"}
America/Eirunepe {"date":"2022-04-28T18:49:45.614-05:00"}
America/El_Salvador {"date":"2022-04-28T17:49:45.614-06:00"}
America/Ensenada {"date":"2022-04-28T16:49:45.614-07:00"}
America/Fort_Nelson {"date":"2022-04-28T16:49:45.614-07:00"}
America/Fort_Wayne {"date":"2022-04-28T19:49:45.615-04:00"}
America/Fortaleza {"date":"2022-04-28T20:49:45.615-03:00"}
America/Glace_Bay {"date":"2022-04-28T20:49:45.615-03:00"}
America/Godthab {"date":"2022-04-28T21:49:45.615-02:00"}
America/Goose_Bay {"date":"2022-04-28T20:49:45.615-03:00"}
America/Grand_Turk {"date":"2022-04-28T19:49:45.615-04:00"}
America/Grenada {"date":"2022-04-28T19:49:45.615-04:00"}
America/Guadeloupe {"date":"2022-04-28T19:49:45.615-04:00"}
America/Guatemala {"date":"2022-04-28T17:49:45.615-06:00"}
America/Guayaquil {"date":"2022-04-28T18:49:45.615-05:00"}
America/Guyana {"date":"2022-04-28T19:49:45.615-04:00"}
America/Halifax {"date":"2022-04-28T20:49:45.615-03:00"}
America/Havana {"date":"2022-04-28T19:49:45.615-04:00"}
America/Hermosillo {"date":"2022-04-28T16:49:45.615-07:00"}
America/Indiana/Indianapolis {"date":"2022-04-28T19:49:45.615-04:00"}
America/Indiana/Knox {"date":"2022-04-28T18:49:45.615-05:00"}
America/Indiana/Marengo {"date":"2022-04-28T19:49:45.615-04:00"}
America/Indiana/Petersburg {"date":"2022-04-28T19:49:45.615-04:00"}
America/Indiana/Tell_City {"date":"2022-04-28T18:49:45.615-05:00"}
America/Indiana/Vevay {"date":"2022-04-28T19:49:45.615-04:00"}
America/Indiana/Vincennes {"date":"2022-04-28T19:49:45.615-04:00"}
America/Indiana/Winamac {"date":"2022-04-28T19:49:45.616-04:00"}
America/Indianapolis {"date":"2022-04-28T19:49:45.616-04:00"}
America/Inuvik {"date":"2022-04-28T17:49:45.616-06:00"}
America/Iqaluit {"date":"2022-04-28T19:49:45.617-04:00"}
America/Jamaica {"date":"2022-04-28T18:49:45.617-05:00"}
America/Jujuy {"date":"2022-04-28T20:49:45.618-03:00"}
America/Juneau {"date":"2022-04-28T15:49:45.618-08:00"}
America/Kentucky/Louisville {"date":"2022-04-28T19:49:45.618-04:00"}
America/Kentucky/Monticello {"date":"2022-04-28T19:49:45.618-04:00"}
America/Knox_IN {"date":"2022-04-28T18:49:45.618-05:00"}
America/Kralendijk {"date":"2022-04-28T19:49:45.618-04:00"}
America/La_Paz {"date":"2022-04-28T19:49:45.618-04:00"}
America/Lima {"date":"2022-04-28T18:49:45.618-05:00"}
America/Los_Angeles {"date":"2022-04-28T16:49:45.618-07:00"}
America/Louisville {"date":"2022-04-28T19:49:45.618-04:00"}
America/Lower_Princes {"date":"2022-04-28T19:49:45.618-04:00"}
America/Maceio {"date":"2022-04-28T20:49:45.618-03:00"}
America/Managua {"date":"2022-04-28T17:49:45.618-06:00"}
America/Manaus {"date":"2022-04-28T19:49:45.618-04:00"}
America/Marigot {"date":"2022-04-28T19:49:45.618-04:00"}
America/Martinique {"date":"2022-04-28T19:49:45.618-04:00"}
America/Matamoros {"date":"2022-04-28T18:49:45.619-05:00"}
America/Mazatlan {"date":"2022-04-28T17:49:45.619-06:00"}
America/Mendoza {"date":"2022-04-28T20:49:45.619-03:00"}
America/Menominee {"date":"2022-04-28T18:49:45.619-05:00"}
America/Merida {"date":"2022-04-28T18:49:45.619-05:00"}
America/Metlakatla {"date":"2022-04-28T15:49:45.619-08:00"}
America/Mexico_City {"date":"2022-04-28T18:49:45.619-05:00"}
America/Miquelon {"date":"2022-04-28T21:49:45.619-02:00"}
America/Moncton {"date":"2022-04-28T20:49:45.619-03:00"}
America/Monterrey {"date":"2022-04-28T18:49:45.619-05:00"}
America/Montevideo {"date":"2022-04-28T20:49:45.619-03:00"}
America/Montreal {"date":"2022-04-28T19:49:45.619-04:00"}
America/Montserrat {"date":"2022-04-28T19:49:45.619-04:00"}
America/Nassau {"date":"2022-04-28T19:49:45.619-04:00"}
America/New_York {"date":"2022-04-28T19:49:45.619-04:00"}
America/Nipigon {"date":"2022-04-28T19:49:45.619-04:00"}
America/Nome {"date":"2022-04-28T15:49:45.619-08:00"}
America/Noronha {"date":"2022-04-28T21:49:45.620-02:00"}
America/North_Dakota/Beulah {"date":"2022-04-28T18:49:45.620-05:00"}
America/North_Dakota/Center {"date":"2022-04-28T18:49:45.620-05:00"}
America/North_Dakota/New_Salem {"date":"2022-04-28T18:49:45.620-05:00"}
America/Nuuk {"date":"2022-04-28T21:49:45.620-02:00"}
America/Ojinaga {"date":"2022-04-28T17:49:45.620-06:00"}
America/Panama {"date":"2022-04-28T18:49:45.620-05:00"}
America/Pangnirtung {"date":"2022-04-28T19:49:45.620-04:00"}
America/Paramaribo {"date":"2022-04-28T20:49:45.620-03:00"}
America/Phoenix {"date":"2022-04-28T16:49:45.620-07:00"}
America/Port-au-Prince {"date":"2022-04-28T19:49:45.620-04:00"}
America/Port_of_Spain {"date":"2022-04-28T19:49:45.620-04:00"}
America/Porto_Acre {"date":"2022-04-28T18:49:45.620-05:00"}
America/Porto_Velho {"date":"2022-04-28T19:49:45.620-04:00"}
America/Puerto_Rico {"date":"2022-04-28T19:49:45.621-04:00"}
America/Punta_Arenas {"date":"2022-04-28T20:49:45.621-03:00"}
America/Rainy_River {"date":"2022-04-28T18:49:45.621-05:00"}
America/Rankin_Inlet {"date":"2022-04-28T18:49:45.621-05:00"}
America/Recife {"date":"2022-04-28T20:49:45.621-03:00"}
America/Regina {"date":"2022-04-28T17:49:45.621-06:00"}
America/Resolute {"date":"2022-04-28T18:49:45.621-05:00"}
America/Rio_Branco {"date":"2022-04-28T18:49:45.621-05:00"}
America/Rosario {"date":"2022-04-28T20:49:45.621-03:00"}
America/Santa_Isabel {"date":"2022-04-28T16:49:45.621-07:00"}
America/Santarem {"date":"2022-04-28T20:49:45.621-03:00"}
America/Santiago {"date":"2022-04-28T19:49:45.621-04:00"}
America/Santo_Domingo {"date":"2022-04-28T19:49:45.621-04:00"}
America/Sao_Paulo {"date":"2022-04-28T20:49:45.621-03:00"}
America/Scoresbysund {"date":"2022-04-28T23:49:45.622Z"}
America/Shiprock {"date":"2022-04-28T17:49:45.628-06:00"}
America/Sitka {"date":"2022-04-28T15:49:45.628-08:00"}
America/St_Barthelemy {"date":"2022-04-28T19:49:45.628-04:00"}
America/St_Johns {"date":"2022-04-28T21:19:45.628-02:30"}
America/St_Kitts {"date":"2022-04-28T19:49:45.629-04:00"}
America/St_Lucia {"date":"2022-04-28T19:49:45.629-04:00"}
America/St_Thomas {"date":"2022-04-28T19:49:45.629-04:00"}
America/St_Vincent {"date":"2022-04-28T19:49:45.629-04:00"}
America/Swift_Current {"date":"2022-04-28T17:49:45.629-06:00"}
America/Tegucigalpa {"date":"2022-04-28T17:49:45.643-06:00"}
America/Thule {"date":"2022-04-28T20:49:45.644-03:00"}
America/Thunder_Bay {"date":"2022-04-28T19:49:45.644-04:00"}
America/Tijuana {"date":"2022-04-28T16:49:45.644-07:00"}
America/Toronto {"date":"2022-04-28T19:49:45.644-04:00"}
America/Tortola {"date":"2022-04-28T19:49:45.644-04:00"}
America/Vancouver {"date":"2022-04-28T16:49:45.644-07:00"}
America/Virgin {"date":"2022-04-28T19:49:45.644-04:00"}
America/Whitehorse {"date":"2022-04-28T16:49:45.644-07:00"}
America/Winnipeg {"date":"2022-04-28T18:49:45.644-05:00"}
America/Yakutat {"date":"2022-04-28T15:49:45.644-08:00"}
America/Yellowknife {"date":"2022-04-28T17:49:45.644-06:00"}
Antarctica/Casey {"date":"2022-04-29T10:49:45.644+11:00"}
Antarctica/Davis {"date":"2022-04-29T06:49:45.645+07:00"}
Antarctica/DumontDUrville {"date":"2022-04-29T09:49:45.645+10:00"}
Antarctica/Macquarie {"date":"2022-04-29T09:49:45.645+10:00"}
Antarctica/Mawson {"date":"2022-04-29T04:49:45.645+05:00"}
Antarctica/McMurdo {"date":"2022-04-29T11:49:45.645+12:00"}
Antarctica/Palmer {"date":"2022-04-28T20:49:45.645-03:00"}
Antarctica/Rothera {"date":"2022-04-28T20:49:45.645-03:00"}
Antarctica/South_Pole {"date":"2022-04-29T11:49:45.645+12:00"}
Antarctica/Syowa {"date":"2022-04-29T02:49:45.645+03:00"}
Antarctica/Troll {"date":"2022-04-29T01:49:45.645+02:00"}
Antarctica/Vostok {"date":"2022-04-29T05:49:45.645+06:00"}
Arctic/Longyearbyen {"date":"2022-04-29T01:49:45.645+02:00"}
Asia/Aden {"date":"2022-04-29T02:49:45.645+03:00"}
Asia/Almaty {"date":"2022-04-29T05:49:45.645+06:00"}
Asia/Amman {"date":"2022-04-29T02:49:45.645+03:00"}
Asia/Anadyr {"date":"2022-04-29T11:49:45.645+12:00"}
Asia/Aqtau {"date":"2022-04-29T04:49:45.645+05:00"}
Asia/Aqtobe {"date":"2022-04-29T04:49:45.645+05:00"}
Asia/Ashgabat {"date":"2022-04-29T04:49:45.645+05:00"}
Asia/Ashkhabad {"date":"2022-04-29T04:49:45.645+05:00"}
Asia/Atyrau {"date":"2022-04-29T04:49:45.646+05:00"}
Asia/Baghdad {"date":"2022-04-29T02:49:45.646+03:00"}
Asia/Bahrain {"date":"2022-04-29T02:49:45.646+03:00"}
Asia/Baku {"date":"2022-04-29T03:49:45.646+04:00"}
Asia/Bangkok {"date":"2022-04-29T06:49:45.646+07:00"}
Asia/Barnaul {"date":"2022-04-29T06:49:45.646+07:00"}
Asia/Beirut {"date":"2022-04-29T02:49:45.647+03:00"}
Asia/Bishkek {"date":"2022-04-29T05:49:45.647+06:00"}
Asia/Brunei {"date":"2022-04-29T07:49:45.648+08:00"}
Asia/Calcutta {"date":"2022-04-29T05:19:45.648+05:30"}
Asia/Chita {"date":"2022-04-29T08:49:45.648+09:00"}
Asia/Choibalsan {"date":"2022-04-29T07:49:45.648+08:00"}
Asia/Chongqing {"date":"2022-04-29T07:49:45.648+08:00"}
Asia/Chungking {"date":"2022-04-29T07:49:45.648+08:00"}
Asia/Colombo {"date":"2022-04-29T05:19:45.648+05:30"}
Asia/Dacca {"date":"2022-04-29T05:49:45.648+06:00"}
Asia/Damascus {"date":"2022-04-29T02:49:45.648+03:00"}
Asia/Dhaka {"date":"2022-04-29T05:49:45.648+06:00"}
Asia/Dili {"date":"2022-04-29T08:49:45.648+09:00"}
Asia/Dubai {"date":"2022-04-29T03:49:45.648+04:00"}
Asia/Dushanbe {"date":"2022-04-29T04:49:45.648+05:00"}
Asia/Famagusta {"date":"2022-04-29T02:49:45.648+03:00"}
Asia/Gaza {"date":"2022-04-29T02:49:45.648+03:00"}
Asia/Harbin {"date":"2022-04-29T07:49:45.648+08:00"}
Asia/Hebron {"date":"2022-04-29T02:49:45.648+03:00"}
Asia/Ho_Chi_Minh {"date":"2022-04-29T06:49:45.648+07:00"}
Asia/Hong_Kong {"date":"2022-04-29T07:49:45.648+08:00"}
Asia/Hovd {"date":"2022-04-29T06:49:45.649+07:00"}
Asia/Irkutsk {"date":"2022-04-29T07:49:45.649+08:00"}
Asia/Istanbul {"date":"2022-04-29T02:49:45.649+03:00"}
Asia/Jakarta {"date":"2022-04-29T06:49:45.649+07:00"}
Asia/Jayapura {"date":"2022-04-29T08:49:45.649+09:00"}
Asia/Jerusalem {"date":"2022-04-29T02:49:45.649+03:00"}
Asia/Kabul {"date":"2022-04-29T04:19:45.649+04:30"}
Asia/Kamchatka {"date":"2022-04-29T11:49:45.649+12:00"}
Asia/Karachi {"date":"2022-04-29T04:49:45.649+05:00"}
Asia/Kashgar {"date":"2022-04-29T05:49:45.649+06:00"}
Asia/Kathmandu {"date":"2022-04-29T05:34:45.649+05:45"}
Asia/Katmandu {"date":"2022-04-29T05:34:45.649+05:45"}
Asia/Khandyga {"date":"2022-04-29T08:49:45.649+09:00"}
Asia/Kolkata {"date":"2022-04-29T05:19:45.649+05:30"}
Asia/Krasnoyarsk {"date":"2022-04-29T06:49:45.649+07:00"}
Asia/Kuala_Lumpur {"date":"2022-04-29T07:49:45.649+08:00"}
Asia/Kuching {"date":"2022-04-29T07:49:45.649+08:00"}
Asia/Kuwait {"date":"2022-04-29T02:49:45.649+03:00"}
Asia/Macao {"date":"2022-04-29T07:49:45.649+08:00"}
Asia/Macau {"date":"2022-04-29T07:49:45.649+08:00"}
Asia/Magadan {"date":"2022-04-29T10:49:45.649+11:00"}
Asia/Makassar {"date":"2022-04-29T07:49:45.650+08:00"}
Asia/Manila {"date":"2022-04-29T07:49:45.650+08:00"}
Asia/Muscat {"date":"2022-04-29T03:49:45.650+04:00"}
Asia/Nicosia {"date":"2022-04-29T02:49:45.650+03:00"}
Asia/Novokuznetsk {"date":"2022-04-29T06:49:45.650+07:00"}
Asia/Novosibirsk {"date":"2022-04-29T06:49:45.650+07:00"}
Asia/Omsk {"date":"2022-04-29T05:49:45.650+06:00"}
Asia/Oral {"date":"2022-04-29T04:49:45.650+05:00"}
Asia/Phnom_Penh {"date":"2022-04-29T06:49:45.650+07:00"}
Asia/Pontianak {"date":"2022-04-29T06:49:45.650+07:00"}
Asia/Pyongyang {"date":"2022-04-29T08:49:45.650+09:00"}
Asia/Qatar {"date":"2022-04-29T02:49:45.650+03:00"}
Asia/Qostanay {"date":"2022-04-29T05:49:45.650+06:00"}
Asia/Qyzylorda {"date":"2022-04-29T04:49:45.650+05:00"}
Asia/Rangoon {"date":"2022-04-29T06:19:45.650+06:30"}
Asia/Riyadh {"date":"2022-04-29T02:49:45.650+03:00"}
Asia/Saigon {"date":"2022-04-29T06:49:45.650+07:00"}
Asia/Sakhalin {"date":"2022-04-29T10:49:45.651+11:00"}
Asia/Samarkand {"date":"2022-04-29T04:49:45.651+05:00"}
Asia/Seoul {"date":"2022-04-29T08:49:45.651+09:00"}
Asia/Shanghai {"date":"2022-04-29T07:49:45.651+08:00"}
Asia/Singapore {"date":"2022-04-29T07:49:45.651+08:00"}
Asia/Srednekolymsk {"date":"2022-04-29T10:49:45.651+11:00"}
Asia/Taipei {"date":"2022-04-29T07:49:45.651+08:00"}
Asia/Tashkent {"date":"2022-04-29T04:49:45.651+05:00"}
Asia/Tbilisi {"date":"2022-04-29T03:49:45.651+04:00"}
Asia/Tehran {"date":"2022-04-29T04:19:45.651+04:30"}
Asia/Tel_Aviv {"date":"2022-04-29T02:49:45.651+03:00"}
Asia/Thimbu {"date":"2022-04-29T05:49:45.651+06:00"}
Asia/Thimphu {"date":"2022-04-29T05:49:45.651+06:00"}
Asia/Tokyo {"date":"2022-04-29T08:49:45.651+09:00"}
Asia/Tomsk {"date":"2022-04-29T06:49:45.651+07:00"}
Asia/Ujung_Pandang {"date":"2022-04-29T07:49:45.652+08:00"}
Asia/Ulaanbaatar {"date":"2022-04-29T07:49:45.652+08:00"}
Asia/Ulan_Bator {"date":"2022-04-29T07:49:45.652+08:00"}
Asia/Urumqi {"date":"2022-04-29T05:49:45.652+06:00"}
Asia/Ust-Nera {"date":"2022-04-29T09:49:45.652+10:00"}
Asia/Vientiane {"date":"2022-04-29T06:49:45.652+07:00"}
Asia/Vladivostok {"date":"2022-04-29T09:49:45.652+10:00"}
Asia/Yakutsk {"date":"2022-04-29T08:49:45.652+09:00"}
Asia/Yangon {"date":"2022-04-29T06:19:45.652+06:30"}
Asia/Yekaterinburg {"date":"2022-04-29T04:49:45.652+05:00"}
Asia/Yerevan {"date":"2022-04-29T03:49:45.652+04:00"}
Atlantic/Azores {"date":"2022-04-28T23:49:45.652Z"}
Atlantic/Bermuda {"date":"2022-04-28T20:49:45.653-03:00"}
Atlantic/Canary {"date":"2022-04-29T00:49:45.653+01:00"}
Atlantic/Cape_Verde {"date":"2022-04-28T22:49:45.654-01:00"}
Atlantic/Faeroe {"date":"2022-04-29T00:49:45.654+01:00"}
Atlantic/Faroe {"date":"2022-04-29T00:49:45.654+01:00"}
Atlantic/Jan_Mayen {"date":"2022-04-29T01:49:45.655+02:00"}
Atlantic/Madeira {"date":"2022-04-29T00:49:45.655+01:00"}
Atlantic/Reykjavik {"date":"2022-04-28T23:49:45.655Z"}
Atlantic/South_Georgia {"date":"2022-04-28T21:49:45.655-02:00"}
Atlantic/St_Helena {"date":"2022-04-28T23:49:45.655Z"}
Atlantic/Stanley {"date":"2022-04-28T20:49:45.655-03:00"}
Australia/ACT {"date":"2022-04-29T09:49:45.656+10:00"}
Australia/Adelaide {"date":"2022-04-29T09:19:45.656+09:30"}
Australia/Brisbane {"date":"2022-04-29T09:49:45.656+10:00"}
Australia/Broken_Hill {"date":"2022-04-29T09:19:45.656+09:30"}
Australia/Canberra {"date":"2022-04-29T09:49:45.656+10:00"}
Australia/Currie {"date":"2022-04-29T09:49:45.656+10:00"}
Australia/Darwin {"date":"2022-04-29T09:19:45.656+09:30"}
Australia/Eucla {"date":"2022-04-29T08:34:45.656+08:45"}
Australia/Hobart {"date":"2022-04-29T09:49:45.657+10:00"}
Australia/LHI {"date":"2022-04-29T10:19:45.657+10:30"}
Australia/Lindeman {"date":"2022-04-29T09:49:45.657+10:00"}
Australia/Lord_Howe {"date":"2022-04-29T10:19:45.657+10:30"}
Australia/Melbourne {"date":"2022-04-29T09:49:45.659+10:00"}
Australia/NSW {"date":"2022-04-29T09:49:45.660+10:00"}
Australia/North {"date":"2022-04-29T09:19:45.660+09:30"}
Australia/Perth {"date":"2022-04-29T07:49:45.660+08:00"}
Australia/Queensland {"date":"2022-04-29T09:49:45.660+10:00"}
Australia/South {"date":"2022-04-29T09:19:45.660+09:30"}
Australia/Sydney {"date":"2022-04-29T09:49:45.660+10:00"}
Australia/Tasmania {"date":"2022-04-29T09:49:45.660+10:00"}
Australia/Victoria {"date":"2022-04-29T09:49:45.660+10:00"}
Australia/West {"date":"2022-04-29T07:49:45.660+08:00"}
Australia/Yancowinna {"date":"2022-04-29T09:19:45.660+09:30"}
Brazil/Acre {"date":"2022-04-28T18:49:45.661-05:00"}
Brazil/DeNoronha {"date":"2022-04-28T21:49:45.661-02:00"}
Brazil/East {"date":"2022-04-28T20:49:45.662-03:00"}
Brazil/West {"date":"2022-04-28T19:49:45.663-04:00"}
CET {"date":"2022-04-29T01:49:45.664+02:00"}
CST6CDT {"date":"2022-04-28T18:49:45.664-05:00"}
Canada/Atlantic {"date":"2022-04-28T20:49:45.665-03:00"}
Canada/Central {"date":"2022-04-28T18:49:45.665-05:00"}
Canada/Eastern {"date":"2022-04-28T19:49:45.665-04:00"}
Canada/Mountain {"date":"2022-04-28T17:49:45.665-06:00"}
Canada/Newfoundland {"date":"2022-04-28T21:19:45.665-02:30"}
Canada/Pacific {"date":"2022-04-28T16:49:45.665-07:00"}
Canada/Saskatchewan {"date":"2022-04-28T17:49:45.665-06:00"}
Canada/Yukon {"date":"2022-04-28T16:49:45.665-07:00"}
Chile/Continental {"date":"2022-04-28T19:49:45.665-04:00"}
Chile/EasterIsland {"date":"2022-04-28T17:49:45.665-06:00"}
Cuba {"date":"2022-04-28T19:49:45.665-04:00"}
EET {"date":"2022-04-29T02:49:45.665+03:00"}
EST5EDT {"date":"2022-04-28T19:49:45.665-04:00"}
Egypt {"date":"2022-04-29T01:49:45.665+02:00"}
Eire {"date":"2022-04-29T00:49:45.665+01:00"}
Etc/GMT {"date":"2022-04-28T23:49:45.666Z"}
Etc/GMT+0 {"date":"2022-04-28T23:49:45.666Z"}
Etc/GMT+1 {"date":"2022-04-28T22:49:45.666-01:00"}
Etc/GMT+10 {"date":"2022-04-28T13:49:45.666-10:00"}
Etc/GMT+11 {"date":"2022-04-28T12:49:45.666-11:00"}
Etc/GMT+12 {"date":"2022-04-28T11:49:45.666-12:00"}
Etc/GMT+2 {"date":"2022-04-28T21:49:45.667-02:00"}
Etc/GMT+3 {"date":"2022-04-28T20:49:45.667-03:00"}
Etc/GMT+4 {"date":"2022-04-28T19:49:45.667-04:00"}
Etc/GMT+5 {"date":"2022-04-28T18:49:45.667-05:00"}
Etc/GMT+6 {"date":"2022-04-28T17:49:45.667-06:00"}
Etc/GMT+7 {"date":"2022-04-28T16:49:45.667-07:00"}
Etc/GMT+8 {"date":"2022-04-28T15:49:45.667-08:00"}
Etc/GMT+9 {"date":"2022-04-28T14:49:45.667-09:00"}
Etc/GMT-0 {"date":"2022-04-28T23:49:45.667Z"}
Etc/GMT-1 {"date":"2022-04-29T00:49:45.667+01:00"}
Etc/GMT-10 {"date":"2022-04-29T09:49:45.667+10:00"}
Etc/GMT-11 {"date":"2022-04-29T10:49:45.667+11:00"}
Etc/GMT-12 {"date":"2022-04-29T11:49:45.667+12:00"}
Etc/GMT-13 {"date":"2022-04-29T12:49:45.667+13:00"}
Etc/GMT-14 {"date":"2022-04-29T13:49:45.667+14:00"}
Etc/GMT-2 {"date":"2022-04-29T01:49:45.667+02:00"}
Etc/GMT-3 {"date":"2022-04-29T02:49:45.667+03:00"}
Etc/GMT-4 {"date":"2022-04-29T03:49:45.667+04:00"}
Etc/GMT-5 {"date":"2022-04-29T04:49:45.667+05:00"}
Etc/GMT-6 {"date":"2022-04-29T05:49:45.667+06:00"}
Etc/GMT-7 {"date":"2022-04-29T06:49:45.667+07:00"}
Etc/GMT-8 {"date":"2022-04-29T07:49:45.668+08:00"}
Etc/GMT-9 {"date":"2022-04-29T08:49:45.668+09:00"}
Etc/GMT0 {"date":"2022-04-28T23:49:45.668Z"}
Etc/Greenwich {"date":"2022-04-28T23:49:45.668Z"}
Etc/UCT {"date":"2022-04-28T23:49:45.668Z"}
Etc/UTC {"date":"2022-04-28T23:49:45.668Z"}
Etc/Universal {"date":"2022-04-28T23:49:45.668Z"}
Etc/Zulu {"date":"2022-04-28T23:49:45.668Z"}
Europe/Amsterdam {"date":"2022-04-29T01:49:45.668+02:00"}
Europe/Andorra {"date":"2022-04-29T01:49:45.668+02:00"}
Europe/Astrakhan {"date":"2022-04-29T03:49:45.668+04:00"}
Europe/Athens {"date":"2022-04-29T02:49:45.668+03:00"}
Europe/Belfast {"date":"2022-04-29T00:49:45.668+01:00"}
Europe/Belgrade {"date":"2022-04-29T01:49:45.668+02:00"}
Europe/Berlin {"date":"2022-04-29T01:49:45.668+02:00"}
Europe/Bratislava {"date":"2022-04-29T01:49:45.668+02:00"}
Europe/Brussels {"date":"2022-04-29T01:49:45.668+02:00"}
Europe/Bucharest {"date":"2022-04-29T02:49:45.669+03:00"}
Europe/Budapest {"date":"2022-04-29T01:49:45.669+02:00"}
Europe/Busingen {"date":"2022-04-29T01:49:45.669+02:00"}
Europe/Chisinau {"date":"2022-04-29T02:49:45.669+03:00"}
Europe/Copenhagen {"date":"2022-04-29T01:49:45.669+02:00"}
Europe/Dublin {"date":"2022-04-29T00:49:45.669+01:00"}
Europe/Gibraltar {"date":"2022-04-29T01:49:45.669+02:00"}
Europe/Guernsey {"date":"2022-04-29T00:49:45.670+01:00"}
Europe/Helsinki {"date":"2022-04-29T02:49:45.670+03:00"}
Europe/Isle_of_Man {"date":"2022-04-29T00:49:45.670+01:00"}
Europe/Istanbul {"date":"2022-04-29T02:49:45.670+03:00"}
Europe/Jersey {"date":"2022-04-29T00:49:45.670+01:00"}
Europe/Kaliningrad {"date":"2022-04-29T01:49:45.670+02:00"}
Europe/Kiev {"date":"2022-04-29T02:49:45.670+03:00"}
Europe/Kirov {"date":"2022-04-29T02:49:45.670+03:00"}
Europe/Lisbon {"date":"2022-04-29T00:49:45.670+01:00"}
Europe/Ljubljana {"date":"2022-04-29T01:49:45.670+02:00"}
Europe/London {"date":"2022-04-29T00:49:45.670+01:00"}
Europe/Luxembourg {"date":"2022-04-29T01:49:45.670+02:00"}
Europe/Madrid {"date":"2022-04-29T01:49:45.670+02:00"}
Europe/Malta {"date":"2022-04-29T01:49:45.670+02:00"}
Europe/Mariehamn {"date":"2022-04-29T02:49:45.671+03:00"}
Europe/Minsk {"date":"2022-04-29T02:49:45.671+03:00"}
Europe/Monaco {"date":"2022-04-29T01:49:45.672+02:00"}
Europe/Moscow {"date":"2022-04-29T02:49:45.673+03:00"}
Europe/Nicosia {"date":"2022-04-29T02:49:45.673+03:00"}
Europe/Oslo {"date":"2022-04-29T01:49:45.673+02:00"}
Europe/Paris {"date":"2022-04-29T01:49:45.673+02:00"}
Europe/Podgorica {"date":"2022-04-29T01:49:45.673+02:00"}
Europe/Prague {"date":"2022-04-29T01:49:45.673+02:00"}
Europe/Riga {"date":"2022-04-29T02:49:45.673+03:00"}
Europe/Rome {"date":"2022-04-29T01:49:45.674+02:00"}
Europe/Samara {"date":"2022-04-29T03:49:45.674+04:00"}
Europe/San_Marino {"date":"2022-04-29T01:49:45.674+02:00"}
Europe/Sarajevo {"date":"2022-04-29T01:49:45.674+02:00"}
Europe/Saratov {"date":"2022-04-29T03:49:45.674+04:00"}
Europe/Simferopol {"date":"2022-04-29T02:49:45.674+03:00"}
Europe/Skopje {"date":"2022-04-29T01:49:45.674+02:00"}
Europe/Sofia {"date":"2022-04-29T02:49:45.674+03:00"}
Europe/Stockholm {"date":"2022-04-29T01:49:45.674+02:00"}
Europe/Tallinn {"date":"2022-04-29T02:49:45.674+03:00"}
Europe/Tirane {"date":"2022-04-29T01:49:45.674+02:00"}
Europe/Tiraspol {"date":"2022-04-29T02:49:45.674+03:00"}
Europe/Ulyanovsk {"date":"2022-04-29T03:49:45.674+04:00"}
Europe/Uzhgorod {"date":"2022-04-29T02:49:45.674+03:00"}
Europe/Vaduz {"date":"2022-04-29T01:49:45.674+02:00"}
Europe/Vatican {"date":"2022-04-29T01:49:45.674+02:00"}
Europe/Vienna {"date":"2022-04-29T01:49:45.675+02:00"}
Europe/Vilnius {"date":"2022-04-29T02:49:45.675+03:00"}
Europe/Volgograd {"date":"2022-04-29T02:49:45.675+03:00"}
Europe/Warsaw {"date":"2022-04-29T01:49:45.676+02:00"}
Europe/Zagreb {"date":"2022-04-29T01:49:45.681+02:00"}
Europe/Zaporozhye {"date":"2022-04-29T02:49:45.681+03:00"}
Europe/Zurich {"date":"2022-04-29T01:49:45.681+02:00"}
GB {"date":"2022-04-29T00:49:45.681+01:00"}
GB-Eire {"date":"2022-04-29T00:49:45.681+01:00"}
GMT {"date":"2022-04-28T23:49:45.681Z"}
GMT0 {"date":"2022-04-28T23:49:45.681Z"}
Greenwich {"date":"2022-04-28T23:49:45.681Z"}
Hongkong {"date":"2022-04-29T07:49:45.681+08:00"}
Iceland {"date":"2022-04-28T23:49:45.681Z"}
Indian/Antananarivo {"date":"2022-04-29T02:49:45.681+03:00"}
Indian/Chagos {"date":"2022-04-29T05:49:45.681+06:00"}
Indian/Christmas {"date":"2022-04-29T06:49:45.681+07:00"}
Indian/Cocos {"date":"2022-04-29T06:19:45.681+06:30"}
Indian/Comoro {"date":"2022-04-29T02:49:45.682+03:00"}
Indian/Kerguelen {"date":"2022-04-29T04:49:45.682+05:00"}
Indian/Mahe {"date":"2022-04-29T03:49:45.682+04:00"}
Indian/Maldives {"date":"2022-04-29T04:49:45.682+05:00"}
Indian/Mauritius {"date":"2022-04-29T03:49:45.682+04:00"}
Indian/Mayotte {"date":"2022-04-29T02:49:45.682+03:00"}
Indian/Reunion {"date":"2022-04-29T03:49:45.682+04:00"}
Iran {"date":"2022-04-29T04:19:45.682+04:30"}
Israel {"date":"2022-04-29T02:49:45.682+03:00"}
Jamaica {"date":"2022-04-28T18:49:45.682-05:00"}
Japan {"date":"2022-04-29T08:49:45.682+09:00"}
Kwajalein {"date":"2022-04-29T11:49:45.682+12:00"}
Libya {"date":"2022-04-29T01:49:45.682+02:00"}
MET {"date":"2022-04-29T01:49:45.682+02:00"}
MST7MDT {"date":"2022-04-28T17:49:45.682-06:00"}
Mexico/BajaNorte {"date":"2022-04-28T16:49:45.682-07:00"}
Mexico/BajaSur {"date":"2022-04-28T17:49:45.682-06:00"}
Mexico/General {"date":"2022-04-28T18:49:45.682-05:00"}
NZ {"date":"2022-04-29T11:49:45.682+12:00"}
NZ-CHAT {"date":"2022-04-29T12:34:45.682+12:45"}
Navajo {"date":"2022-04-28T17:49:45.682-06:00"}
PRC {"date":"2022-04-29T07:49:45.682+08:00"}
PST8PDT {"date":"2022-04-28T16:49:45.682-07:00"}
Pacific/Apia {"date":"2022-04-29T12:49:45.682+13:00"}
Pacific/Auckland {"date":"2022-04-29T11:49:45.683+12:00"}
Pacific/Bougainville {"date":"2022-04-29T10:49:45.683+11:00"}
Pacific/Chatham {"date":"2022-04-29T12:34:45.683+12:45"}
Pacific/Chuuk {"date":"2022-04-29T09:49:45.683+10:00"}
Pacific/Easter {"date":"2022-04-28T17:49:45.683-06:00"}
Pacific/Efate {"date":"2022-04-29T10:49:45.683+11:00"}
Pacific/Enderbury {"date":"2022-04-29T12:49:45.683+13:00"}
Pacific/Fakaofo {"date":"2022-04-29T12:49:45.683+13:00"}
Pacific/Fiji {"date":"2022-04-29T11:49:45.683+12:00"}
Pacific/Funafuti {"date":"2022-04-29T11:49:45.683+12:00"}
Pacific/Galapagos {"date":"2022-04-28T17:49:45.683-06:00"}
Pacific/Gambier {"date":"2022-04-28T14:49:45.683-09:00"}
Pacific/Guadalcanal {"date":"2022-04-29T10:49:45.683+11:00"}
Pacific/Guam {"date":"2022-04-29T09:49:45.683+10:00"}
Pacific/Honolulu {"date":"2022-04-28T13:49:45.683-10:00"}
Pacific/Johnston {"date":"2022-04-28T13:49:45.683-10:00"}
Pacific/Kanton {"date":"2022-04-29T12:49:45.683+13:00"}
Pacific/Kiritimati {"date":"2022-04-29T13:49:45.683+14:00"}
Pacific/Kosrae {"date":"2022-04-29T10:49:45.683+11:00"}
Pacific/Kwajalein {"date":"2022-04-29T11:49:45.683+12:00"}
Pacific/Majuro {"date":"2022-04-29T11:49:45.683+12:00"}
Pacific/Marquesas {"date":"2022-04-28T14:19:45.683-09:30"}
Pacific/Midway {"date":"2022-04-28T12:49:45.683-11:00"}
Pacific/Nauru {"date":"2022-04-29T11:49:45.683+12:00"}
Pacific/Niue {"date":"2022-04-28T12:49:45.683-11:00"}
Pacific/Norfolk {"date":"2022-04-29T10:49:45.683+11:00"}
Pacific/Noumea {"date":"2022-04-29T10:49:45.683+11:00"}
Pacific/Pago_Pago {"date":"2022-04-28T12:49:45.683-11:00"}
Pacific/Palau {"date":"2022-04-29T08:49:45.684+09:00"}
Pacific/Pitcairn {"date":"2022-04-28T15:49:45.684-08:00"}
Pacific/Pohnpei {"date":"2022-04-29T10:49:45.686+11:00"}
Pacific/Ponape {"date":"2022-04-29T10:49:45.687+11:00"}
Pacific/Port_Moresby {"date":"2022-04-29T09:49:45.687+10:00"}
Pacific/Rarotonga {"date":"2022-04-28T13:49:45.687-10:00"}
Pacific/Saipan {"date":"2022-04-29T09:49:45.687+10:00"}
Pacific/Samoa {"date":"2022-04-28T12:49:45.687-11:00"}
Pacific/Tahiti {"date":"2022-04-28T13:49:45.687-10:00"}
Pacific/Tarawa {"date":"2022-04-29T11:49:45.687+12:00"}
Pacific/Tongatapu {"date":"2022-04-29T12:49:45.687+13:00"}
Pacific/Truk {"date":"2022-04-29T09:49:45.687+10:00"}
Pacific/Wake {"date":"2022-04-29T11:49:45.687+12:00"}
Pacific/Wallis {"date":"2022-04-29T11:49:45.688+12:00"}
Pacific/Yap {"date":"2022-04-29T09:49:45.688+10:00"}
Poland {"date":"2022-04-29T01:49:45.688+02:00"}
Portugal {"date":"2022-04-29T00:49:45.688+01:00"}
ROK {"date":"2022-04-29T08:49:45.688+09:00"}
Singapore {"date":"2022-04-29T07:49:45.688+08:00"}
SystemV/AST4 {"date":"2022-04-28T19:49:45.688-04:00"}
SystemV/AST4ADT {"date":"2022-04-28T20:49:45.688-03:00"}
SystemV/CST6 {"date":"2022-04-28T17:49:45.688-06:00"}
SystemV/CST6CDT {"date":"2022-04-28T18:49:45.688-05:00"}
SystemV/EST5 {"date":"2022-04-28T18:49:45.688-05:00"}
SystemV/EST5EDT {"date":"2022-04-28T19:49:45.688-04:00"}
SystemV/HST10 {"date":"2022-04-28T13:49:45.688-10:00"}
SystemV/MST7 {"date":"2022-04-28T16:49:45.688-07:00"}
SystemV/MST7MDT {"date":"2022-04-28T17:49:45.688-06:00"}
SystemV/PST8 {"date":"2022-04-28T15:49:45.688-08:00"}
SystemV/PST8PDT {"date":"2022-04-28T16:49:45.688-07:00"}
SystemV/YST9 {"date":"2022-04-28T14:49:45.688-09:00"}
SystemV/YST9YDT {"date":"2022-04-28T15:49:45.688-08:00"}
Turkey {"date":"2022-04-29T02:49:45.688+03:00"}
UCT {"date":"2022-04-28T23:49:45.688Z"}
US/Alaska {"date":"2022-04-28T15:49:45.688-08:00"}
US/Aleutian {"date":"2022-04-28T14:49:45.688-09:00"}
US/Arizona {"date":"2022-04-28T16:49:45.688-07:00"}
US/Central {"date":"2022-04-28T18:49:45.688-05:00"}
US/East-Indiana {"date":"2022-04-28T19:49:45.688-04:00"}
US/Eastern {"date":"2022-04-28T19:49:45.689-04:00"}
US/Hawaii {"date":"2022-04-28T13:49:45.689-10:00"}
US/Indiana-Starke {"date":"2022-04-28T18:49:45.689-05:00"}
US/Michigan {"date":"2022-04-28T19:49:45.689-04:00"}
US/Mountain {"date":"2022-04-28T17:49:45.689-06:00"}
US/Pacific {"date":"2022-04-28T16:49:45.689-07:00"}
US/Samoa {"date":"2022-04-28T12:49:45.689-11:00"}
UTC {"date":"2022-04-28T23:49:45.689Z"}
Universal {"date":"2022-04-28T23:49:45.689Z"}
W-SU {"date":"2022-04-29T02:49:45.689+03:00"}
WET {"date":"2022-04-29T00:49:45.689+01:00"}
Zulu {"date":"2022-04-28T23:49:45.690Z"}
EST {"date":"2022-04-28T18:49:45.690-05:00"}
HST {"date":"2022-04-28T13:49:45.690-10:00"}
MST {"date":"2022-04-28T16:49:45.690-07:00"}
ACT {"date":"2022-04-29T09:19:45.691+09:30"}
AET {"date":"2022-04-29T09:49:45.691+10:00"}
AGT {"date":"2022-04-28T20:49:45.691-03:00"}
ART {"date":"2022-04-29T01:49:45.691+02:00"}
AST {"date":"2022-04-28T15:49:45.691-08:00"}
BET {"date":"2022-04-28T20:49:45.691-03:00"}
BST {"date":"2022-04-29T05:49:45.691+06:00"}
CAT {"date":"2022-04-29T01:49:45.691+02:00"}
CNT {"date":"2022-04-28T21:19:45.691-02:30"}
CST {"date":"2022-04-28T18:49:45.691-05:00"}
CTT {"date":"2022-04-29T07:49:45.691+08:00"}
EAT {"date":"2022-04-29T02:49:45.691+03:00"}
ECT {"date":"2022-04-29T01:49:45.691+02:00"}
IET {"date":"2022-04-28T19:49:45.691-04:00"}
IST {"date":"2022-04-29T05:19:45.691+05:30"}
JST {"date":"2022-04-29T08:49:45.691+09:00"}
MIT {"date":"2022-04-29T12:49:45.691+13:00"}
NET {"date":"2022-04-29T03:49:45.691+04:00"}
NST {"date":"2022-04-29T11:49:45.691+12:00"}
PLT {"date":"2022-04-29T04:49:45.691+05:00"}
PNT {"date":"2022-04-28T16:49:45.691-07:00"}
PRT {"date":"2022-04-28T19:49:45.691-04:00"}
PST {"date":"2022-04-28T16:49:45.691-07:00"}
SST {"date":"2022-04-29T10:49:45.692+11:00"}
VST {"date":"2022-04-29T06:49:45.692+07:00"}
]]></system-out>
  </testcase>
</testsuite>